{"/Users/dougsimpson/Projects/MyAILandlord/src/__tests__/security/rls/helpers.ts": {"path":"/Users/dougsimpson/Projects/MyAILandlord/src/__tests__/security/rls/helpers.ts","statementMap":{"0":{"start":{"line":38,"column":20},"end":{"line":38,"column":62}},"1":{"start":{"line":39,"column":21},"end":{"line":39,"column":93}},"2":{"start":{"line":42,"column":20},"end":{"line":42,"column":57}},"3":{"start":{"line":45,"column":25},"end":{"line":55,"column":3}},"4":{"start":{"line":58,"column":35},"end":{"line":67,"column":13}},"5":{"start":{"line":69,"column":2},"end":{"line":71,"column":3}},"6":{"start":{"line":70,"column":4},"end":{"line":70,"column":72}},"7":{"start":{"line":73,"column":2},"end":{"line":79,"column":4}},"8":{"start":{"line":86,"column":20},"end":{"line":86,"column":60}},"9":{"start":{"line":87,"column":21},"end":{"line":87,"column":91}},"10":{"start":{"line":89,"column":20},"end":{"line":89,"column":55}},"11":{"start":{"line":91,"column":25},"end":{"line":101,"column":3}},"12":{"start":{"line":103,"column":35},"end":{"line":112,"column":13}},"13":{"start":{"line":114,"column":2},"end":{"line":116,"column":3}},"14":{"start":{"line":115,"column":4},"end":{"line":115,"column":70}},"15":{"start":{"line":118,"column":2},"end":{"line":124,"column":4}},"16":{"start":{"line":134,"column":2},"end":{"line":136,"column":3}},"17":{"start":{"line":135,"column":4},"end":{"line":135,"column":60}},"18":{"start":{"line":138,"column":23},"end":{"line":146,"column":3}},"19":{"start":{"line":148,"column":36},"end":{"line":152,"column":13}},"20":{"start":{"line":154,"column":2},"end":{"line":156,"column":3}},"21":{"start":{"line":155,"column":4},"end":{"line":155,"column":72}},"22":{"start":{"line":158,"column":2},"end":{"line":158,"column":18}},"23":{"start":{"line":169,"column":20},"end":{"line":176,"column":6}},"24":{"start":{"line":178,"column":2},"end":{"line":180,"column":3}},"25":{"start":{"line":179,"column":4},"end":{"line":179,"column":75}},"26":{"start":{"line":191,"column":2},"end":{"line":193,"column":3}},"27":{"start":{"line":192,"column":4},"end":{"line":192,"column":68}},"28":{"start":{"line":195,"column":22},"end":{"line":203,"column":3}},"29":{"start":{"line":205,"column":35},"end":{"line":209,"column":13}},"30":{"start":{"line":211,"column":2},"end":{"line":213,"column":3}},"31":{"start":{"line":212,"column":4},"end":{"line":212,"column":83}},"32":{"start":{"line":215,"column":2},"end":{"line":215,"column":17}},"33":{"start":{"line":227,"column":26},"end":{"line":231,"column":18}},"34":{"start":{"line":233,"column":2},"end":{"line":238,"column":3}},"35":{"start":{"line":234,"column":4},"end":{"line":237,"column":6}},"36":{"start":{"line":255,"column":26},"end":{"line":259,"column":13}},"37":{"start":{"line":261,"column":2},"end":{"line":266,"column":3}},"38":{"start":{"line":262,"column":4},"end":{"line":265,"column":6}},"39":{"start":{"line":278,"column":20},"end":{"line":278,"column":70}},"40":{"start":{"line":280,"column":2},"end":{"line":285,"column":3}},"41":{"start":{"line":281,"column":4},"end":{"line":284,"column":6}},"42":{"start":{"line":300,"column":20},"end":{"line":303,"column":23}},"43":{"start":{"line":305,"column":2},"end":{"line":310,"column":3}},"44":{"start":{"line":306,"column":4},"end":{"line":309,"column":6}},"45":{"start":{"line":322,"column":20},"end":{"line":325,"column":23}},"46":{"start":{"line":327,"column":2},"end":{"line":332,"column":3}},"47":{"start":{"line":328,"column":4},"end":{"line":331,"column":6}},"48":{"start":{"line":341,"column":2},"end":{"line":341,"column":50}},"49":{"start":{"line":345,"column":2},"end":{"line":345,"column":72}},"50":{"start":{"line":355,"column":17},"end":{"line":355,"column":93}},"51":{"start":{"line":356,"column":18},"end":{"line":364,"column":22}},"52":{"start":{"line":365,"column":20},"end":{"line":365,"column":36}},"53":{"start":{"line":367,"column":2},"end":{"line":367,"column":45}},"54":{"start":{"line":374,"column":2},"end":{"line":374,"column":59}},"55":{"start":{"line":374,"column":34},"end":{"line":374,"column":57}},"56":{"start":{"line":384,"column":26},"end":{"line":384,"column":76}},"57":{"start":{"line":386,"column":2},"end":{"line":388,"column":3}},"58":{"start":{"line":387,"column":4},"end":{"line":387,"column":13}},"59":{"start":{"line":390,"column":2},"end":{"line":390,"column":27}}},"fnMap":{"0":{"name":"createTestLandlord","decl":{"start":{"line":37,"column":22},"end":{"line":37,"column":40}},"loc":{"start":{"line":37,"column":76},"end":{"line":80,"column":1}},"line":37},"1":{"name":"createTestTenant","decl":{"start":{"line":85,"column":22},"end":{"line":85,"column":38}},"loc":{"start":{"line":85,"column":74},"end":{"line":125,"column":1}},"line":85},"2":{"name":"createTestProperty","decl":{"start":{"line":130,"column":22},"end":{"line":130,"column":40}},"loc":{"start":{"line":133,"column":25},"end":{"line":159,"column":1}},"line":133},"3":{"name":"linkTenantToProperty","decl":{"start":{"line":164,"column":22},"end":{"line":164,"column":42}},"loc":{"start":{"line":168,"column":17},"end":{"line":181,"column":1}},"line":168},"4":{"name":"createTestMaintenanceRequest","decl":{"start":{"line":186,"column":22},"end":{"line":186,"column":50}},"loc":{"start":{"line":190,"column":35},"end":{"line":216,"column":1}},"line":190},"5":{"name":"assertCannotAccess","decl":{"start":{"line":221,"column":22},"end":{"line":221,"column":40}},"loc":{"start":{"line":226,"column":17},"end":{"line":244,"column":1}},"line":226},"6":{"name":"assertCanAccess","decl":{"start":{"line":249,"column":22},"end":{"line":249,"column":37}},"loc":{"start":{"line":254,"column":17},"end":{"line":267,"column":1}},"line":254},"7":{"name":"assertCannotInsert","decl":{"start":{"line":272,"column":22},"end":{"line":272,"column":40}},"loc":{"start":{"line":277,"column":17},"end":{"line":288,"column":1}},"line":277},"8":{"name":"assertCannotUpdate","decl":{"start":{"line":293,"column":22},"end":{"line":293,"column":40}},"loc":{"start":{"line":299,"column":17},"end":{"line":311,"column":1}},"line":299},"9":{"name":"assertCannotDelete","decl":{"start":{"line":316,"column":22},"end":{"line":316,"column":40}},"loc":{"start":{"line":321,"column":17},"end":{"line":333,"column":1}},"line":321},"10":{"name":"cleanupTestUser","decl":{"start":{"line":338,"column":22},"end":{"line":338,"column":37}},"loc":{"start":{"line":338,"column":69},"end":{"line":346,"column":1}},"line":338},"11":{"name":"createMockJWT","decl":{"start":{"line":352,"column":9},"end":{"line":352,"column":22}},"loc":{"start":{"line":352,"column":61},"end":{"line":368,"column":1}},"line":352},"12":{"name":"wait","decl":{"start":{"line":373,"column":22},"end":{"line":373,"column":26}},"loc":{"start":{"line":373,"column":54},"end":{"line":375,"column":1}},"line":373},"13":{"name":"(anonymous_13)","decl":{"start":{"line":374,"column":21},"end":{"line":374,"column":22}},"loc":{"start":{"line":374,"column":34},"end":{"line":374,"column":57}},"line":374},"14":{"name":"getVisibleRecordCount","decl":{"start":{"line":380,"column":22},"end":{"line":380,"column":43}},"loc":{"start":{"line":383,"column":19},"end":{"line":391,"column":1}},"line":383}},"branchMap":{"0":{"loc":{"start":{"line":38,"column":20},"end":{"line":38,"column":62}},"type":"binary-expr","locations":[{"start":{"line":38,"column":20},"end":{"line":38,"column":25}},{"start":{"line":38,"column":29},"end":{"line":38,"column":62}}],"line":38},"1":{"loc":{"start":{"line":46,"column":4},"end":{"line":46,"column":68}},"type":"binary-expr","locations":[{"start":{"line":46,"column":4},"end":{"line":46,"column":40}},{"start":{"line":46,"column":44},"end":{"line":46,"column":68}}],"line":46},"2":{"loc":{"start":{"line":47,"column":4},"end":{"line":47,"column":64}},"type":"binary-expr","locations":[{"start":{"line":47,"column":4},"end":{"line":47,"column":45}},{"start":{"line":47,"column":49},"end":{"line":47,"column":64}}],"line":47},"3":{"loc":{"start":{"line":69,"column":2},"end":{"line":71,"column":3}},"type":"if","locations":[{"start":{"line":69,"column":2},"end":{"line":71,"column":3}},{"start":{},"end":{}}],"line":69},"4":{"loc":{"start":{"line":86,"column":20},"end":{"line":86,"column":60}},"type":"binary-expr","locations":[{"start":{"line":86,"column":20},"end":{"line":86,"column":25}},{"start":{"line":86,"column":29},"end":{"line":86,"column":60}}],"line":86},"5":{"loc":{"start":{"line":92,"column":4},"end":{"line":92,"column":68}},"type":"binary-expr","locations":[{"start":{"line":92,"column":4},"end":{"line":92,"column":40}},{"start":{"line":92,"column":44},"end":{"line":92,"column":68}}],"line":92},"6":{"loc":{"start":{"line":93,"column":4},"end":{"line":93,"column":64}},"type":"binary-expr","locations":[{"start":{"line":93,"column":4},"end":{"line":93,"column":45}},{"start":{"line":93,"column":49},"end":{"line":93,"column":64}}],"line":93},"7":{"loc":{"start":{"line":114,"column":2},"end":{"line":116,"column":3}},"type":"if","locations":[{"start":{"line":114,"column":2},"end":{"line":116,"column":3}},{"start":{},"end":{}}],"line":114},"8":{"loc":{"start":{"line":134,"column":2},"end":{"line":136,"column":3}},"type":"if","locations":[{"start":{"line":134,"column":2},"end":{"line":136,"column":3}},{"start":{},"end":{}}],"line":134},"9":{"loc":{"start":{"line":154,"column":2},"end":{"line":156,"column":3}},"type":"if","locations":[{"start":{"line":154,"column":2},"end":{"line":156,"column":3}},{"start":{},"end":{}}],"line":154},"10":{"loc":{"start":{"line":178,"column":2},"end":{"line":180,"column":3}},"type":"if","locations":[{"start":{"line":178,"column":2},"end":{"line":180,"column":3}},{"start":{},"end":{}}],"line":178},"11":{"loc":{"start":{"line":191,"column":2},"end":{"line":193,"column":3}},"type":"if","locations":[{"start":{"line":191,"column":2},"end":{"line":193,"column":3}},{"start":{},"end":{}}],"line":191},"12":{"loc":{"start":{"line":211,"column":2},"end":{"line":213,"column":3}},"type":"if","locations":[{"start":{"line":211,"column":2},"end":{"line":213,"column":3}},{"start":{},"end":{}}],"line":211},"13":{"loc":{"start":{"line":233,"column":2},"end":{"line":238,"column":3}},"type":"if","locations":[{"start":{"line":233,"column":2},"end":{"line":238,"column":3}},{"start":{},"end":{}}],"line":233},"14":{"loc":{"start":{"line":235,"column":6},"end":{"line":236,"column":95}},"type":"binary-expr","locations":[{"start":{"line":235,"column":6},"end":{"line":235,"column":13}},{"start":{"line":236,"column":8},"end":{"line":236,"column":95}}],"line":235},"15":{"loc":{"start":{"line":261,"column":2},"end":{"line":266,"column":3}},"type":"if","locations":[{"start":{"line":261,"column":2},"end":{"line":266,"column":3}},{"start":{},"end":{}}],"line":261},"16":{"loc":{"start":{"line":261,"column":6},"end":{"line":261,"column":20}},"type":"binary-expr","locations":[{"start":{"line":261,"column":6},"end":{"line":261,"column":11}},{"start":{"line":261,"column":15},"end":{"line":261,"column":20}}],"line":261},"17":{"loc":{"start":{"line":263,"column":6},"end":{"line":264,"column":107}},"type":"binary-expr","locations":[{"start":{"line":263,"column":6},"end":{"line":263,"column":13}},{"start":{"line":264,"column":8},"end":{"line":264,"column":107}}],"line":263},"18":{"loc":{"start":{"line":280,"column":2},"end":{"line":285,"column":3}},"type":"if","locations":[{"start":{"line":280,"column":2},"end":{"line":285,"column":3}},{"start":{},"end":{}}],"line":280},"19":{"loc":{"start":{"line":282,"column":6},"end":{"line":283,"column":101}},"type":"binary-expr","locations":[{"start":{"line":282,"column":6},"end":{"line":282,"column":13}},{"start":{"line":283,"column":8},"end":{"line":283,"column":101}}],"line":282},"20":{"loc":{"start":{"line":305,"column":2},"end":{"line":310,"column":3}},"type":"if","locations":[{"start":{"line":305,"column":2},"end":{"line":310,"column":3}},{"start":{},"end":{}}],"line":305},"21":{"loc":{"start":{"line":307,"column":6},"end":{"line":308,"column":115}},"type":"binary-expr","locations":[{"start":{"line":307,"column":6},"end":{"line":307,"column":13}},{"start":{"line":308,"column":8},"end":{"line":308,"column":115}}],"line":307},"22":{"loc":{"start":{"line":327,"column":2},"end":{"line":332,"column":3}},"type":"if","locations":[{"start":{"line":327,"column":2},"end":{"line":332,"column":3}},{"start":{},"end":{}}],"line":327},"23":{"loc":{"start":{"line":329,"column":6},"end":{"line":330,"column":115}},"type":"binary-expr","locations":[{"start":{"line":329,"column":6},"end":{"line":329,"column":13}},{"start":{"line":330,"column":8},"end":{"line":330,"column":115}}],"line":329},"24":{"loc":{"start":{"line":386,"column":2},"end":{"line":388,"column":3}},"type":"if","locations":[{"start":{"line":386,"column":2},"end":{"line":388,"column":3}},{"start":{},"end":{}}],"line":386},"25":{"loc":{"start":{"line":390,"column":9},"end":{"line":390,"column":26}},"type":"binary-expr","locations":[{"start":{"line":390,"column":9},"end":{"line":390,"column":21}},{"start":{"line":390,"column":25},"end":{"line":390,"column":26}}],"line":390}},"s":{"0":10,"1":10,"2":10,"3":10,"4":10,"5":10,"6":10,"7":0,"8":1,"9":1,"10":1,"11":1,"12":1,"13":1,"14":1,"15":0,"16":0,"17":0,"18":0,"19":0,"20":0,"21":0,"22":0,"23":0,"24":0,"25":0,"26":0,"27":0,"28":0,"29":0,"30":0,"31":0,"32":0,"33":0,"34":0,"35":0,"36":0,"37":0,"38":0,"39":0,"40":0,"41":0,"42":0,"43":0,"44":0,"45":0,"46":0,"47":0,"48":11,"49":0,"50":11,"51":11,"52":11,"53":11,"54":0,"55":0,"56":0,"57":0,"58":0,"59":0},"f":{"0":10,"1":1,"2":0,"3":0,"4":0,"5":0,"6":0,"7":0,"8":0,"9":0,"10":11,"11":11,"12":0,"13":0,"14":0},"b":{"0":[10,10],"1":[10,0],"2":[10,10],"3":[10,0],"4":[1,1],"5":[1,0],"6":[1,1],"7":[1,0],"8":[0,0],"9":[0,0],"10":[0,0],"11":[0,0],"12":[0,0],"13":[0,0],"14":[0,0],"15":[0,0],"16":[0,0],"17":[0,0],"18":[0,0],"19":[0,0],"20":[0,0],"21":[0,0],"22":[0,0],"23":[0,0],"24":[0,0],"25":[0,0]},"_coverageSchema":"1a1c01bbd47fc00a2c39e90264f33305004495a9","hash":"630a7d538db3c88c3f944faa88dc7095e7f05ad5"}
,"/Users/dougsimpson/Projects/MyAILandlord/src/components/shared/Button.tsx": {"path":"/Users/dougsimpson/Projects/MyAILandlord/src/components/shared/Button.tsx","statementMap":{"0":{"start":{"line":34,"column":22},"end":{"line":34,"column":53}},"1":{"start":{"line":36,"column":22},"end":{"line":41,"column":3}},"2":{"start":{"line":37,"column":4},"end":{"line":37,"column":89}},"3":{"start":{"line":38,"column":4},"end":{"line":40,"column":5}},"4":{"start":{"line":39,"column":6},"end":{"line":39,"column":21}},"5":{"start":{"line":43,"column":51},"end":{"line":49,"column":3}},"6":{"start":{"line":51,"column":45},"end":{"line":57,"column":3}},"7":{"start":{"line":59,"column":21},"end":{"line":78,"column":3}},"8":{"start":{"line":80,"column":24},"end":{"line":89,"column":3}},"9":{"start":{"line":81,"column":4},"end":{"line":88,"column":5}},"10":{"start":{"line":82,"column":6},"end":{"line":87,"column":17}},"11":{"start":{"line":91,"column":25},"end":{"line":100,"column":3}},"12":{"start":{"line":92,"column":4},"end":{"line":99,"column":5}},"13":{"start":{"line":93,"column":6},"end":{"line":98,"column":17}},"14":{"start":{"line":102,"column":24},"end":{"line":132,"column":3}},"15":{"start":{"line":103,"column":4},"end":{"line":131,"column":7}},"16":{"start":{"line":134,"column":21},"end":{"line":146,"column":3}},"17":{"start":{"line":148,"column":2},"end":{"line":162,"column":3}},"18":{"start":{"line":149,"column":4},"end":{"line":161,"column":6}},"19":{"start":{"line":164,"column":2},"end":{"line":183,"column":4}}},"fnMap":{"0":{"name":"Button","decl":{"start":{"line":20,"column":24},"end":{"line":20,"column":30}},"loc":{"start":{"line":33,"column":16},"end":{"line":184,"column":1}},"line":33},"1":{"name":"(anonymous_1)","decl":{"start":{"line":36,"column":22},"end":{"line":36,"column":23}},"loc":{"start":{"line":36,"column":56},"end":{"line":41,"column":3}},"line":36},"2":{"name":"(anonymous_2)","decl":{"start":{"line":80,"column":24},"end":{"line":80,"column":25}},"loc":{"start":{"line":80,"column":30},"end":{"line":89,"column":3}},"line":80},"3":{"name":"(anonymous_3)","decl":{"start":{"line":91,"column":25},"end":{"line":91,"column":26}},"loc":{"start":{"line":91,"column":31},"end":{"line":100,"column":3}},"line":91},"4":{"name":"(anonymous_4)","decl":{"start":{"line":102,"column":24},"end":{"line":102,"column":25}},"loc":{"start":{"line":103,"column":4},"end":{"line":131,"column":7}},"line":103}},"branchMap":{"0":{"loc":{"start":{"line":23,"column":2},"end":{"line":23,"column":18}},"type":"default-arg","locations":[{"start":{"line":23,"column":9},"end":{"line":23,"column":18}}],"line":23},"1":{"loc":{"start":{"line":24,"column":2},"end":{"line":24,"column":13}},"type":"default-arg","locations":[{"start":{"line":24,"column":9},"end":{"line":24,"column":13}}],"line":24},"2":{"loc":{"start":{"line":28,"column":2},"end":{"line":28,"column":17}},"type":"default-arg","locations":[{"start":{"line":28,"column":12},"end":{"line":28,"column":17}}],"line":28},"3":{"loc":{"start":{"line":29,"column":2},"end":{"line":29,"column":18}},"type":"default-arg","locations":[{"start":{"line":29,"column":13},"end":{"line":29,"column":18}}],"line":29},"4":{"loc":{"start":{"line":30,"column":2},"end":{"line":30,"column":19}},"type":"default-arg","locations":[{"start":{"line":30,"column":14},"end":{"line":30,"column":19}}],"line":30},"5":{"loc":{"start":{"line":31,"column":2},"end":{"line":31,"column":12}},"type":"default-arg","locations":[{"start":{"line":31,"column":10},"end":{"line":31,"column":12}}],"line":31},"6":{"loc":{"start":{"line":32,"column":2},"end":{"line":32,"column":16}},"type":"default-arg","locations":[{"start":{"line":32,"column":14},"end":{"line":32,"column":16}}],"line":32},"7":{"loc":{"start":{"line":38,"column":4},"end":{"line":40,"column":5}},"type":"if","locations":[{"start":{"line":38,"column":4},"end":{"line":40,"column":5}},{"start":{},"end":{}}],"line":38},"8":{"loc":{"start":{"line":38,"column":8},"end":{"line":38,"column":40}},"type":"binary-expr","locations":[{"start":{"line":38,"column":8},"end":{"line":38,"column":17}},{"start":{"line":38,"column":21},"end":{"line":38,"column":29}},{"start":{"line":38,"column":33},"end":{"line":38,"column":40}}],"line":38},"9":{"loc":{"start":{"line":81,"column":4},"end":{"line":88,"column":5}},"type":"if","locations":[{"start":{"line":81,"column":4},"end":{"line":88,"column":5}},{"start":{},"end":{}}],"line":81},"10":{"loc":{"start":{"line":81,"column":8},"end":{"line":81,"column":46}},"type":"binary-expr","locations":[{"start":{"line":81,"column":8},"end":{"line":81,"column":33}},{"start":{"line":81,"column":37},"end":{"line":81,"column":46}}],"line":81},"11":{"loc":{"start":{"line":92,"column":4},"end":{"line":99,"column":5}},"type":"if","locations":[{"start":{"line":92,"column":4},"end":{"line":99,"column":5}},{"start":{},"end":{}}],"line":92},"12":{"loc":{"start":{"line":92,"column":8},"end":{"line":92,"column":46}},"type":"binary-expr","locations":[{"start":{"line":92,"column":8},"end":{"line":92,"column":33}},{"start":{"line":92,"column":37},"end":{"line":92,"column":46}}],"line":92},"13":{"loc":{"start":{"line":104,"column":7},"end":{"line":110,"column":7}},"type":"binary-expr","locations":[{"start":{"line":104,"column":7},"end":{"line":104,"column":14}},{"start":{"line":105,"column":8},"end":{"line":109,"column":10}}],"line":104},"14":{"loc":{"start":{"line":108,"column":32},"end":{"line":108,"column":75}},"type":"cond-expr","locations":[{"start":{"line":108,"column":48},"end":{"line":108,"column":71}},{"start":{"line":108,"column":74},"end":{"line":108,"column":75}}],"line":108},"15":{"loc":{"start":{"line":108,"column":32},"end":{"line":108,"column":45}},"type":"binary-expr","locations":[{"start":{"line":108,"column":32},"end":{"line":108,"column":36}},{"start":{"line":108,"column":40},"end":{"line":108,"column":45}}],"line":108},"16":{"loc":{"start":{"line":111,"column":7},"end":{"line":115,"column":7}},"type":"binary-expr","locations":[{"start":{"line":111,"column":7},"end":{"line":111,"column":11}},{"start":{"line":111,"column":15},"end":{"line":111,"column":23}},{"start":{"line":112,"column":8},"end":{"line":114,"column":15}}],"line":111},"17":{"loc":{"start":{"line":112,"column":36},"end":{"line":112,"column":71}},"type":"cond-expr","locations":[{"start":{"line":112,"column":44},"end":{"line":112,"column":67}},{"start":{"line":112,"column":70},"end":{"line":112,"column":71}}],"line":112},"18":{"loc":{"start":{"line":116,"column":7},"end":{"line":130,"column":7}},"type":"binary-expr","locations":[{"start":{"line":116,"column":7},"end":{"line":116,"column":12}},{"start":{"line":117,"column":8},"end":{"line":129,"column":15}}],"line":116},"19":{"loc":{"start":{"line":142,"column":13},"end":{"line":142,"column":31}},"type":"cond-expr","locations":[{"start":{"line":142,"column":24},"end":{"line":142,"column":27}},{"start":{"line":142,"column":30},"end":{"line":142,"column":31}}],"line":142},"20":{"loc":{"start":{"line":143,"column":11},"end":{"line":143,"column":41}},"type":"cond-expr","locations":[{"start":{"line":143,"column":23},"end":{"line":143,"column":29}},{"start":{"line":143,"column":32},"end":{"line":143,"column":41}}],"line":143},"21":{"loc":{"start":{"line":148,"column":2},"end":{"line":162,"column":3}},"type":"if","locations":[{"start":{"line":148,"column":2},"end":{"line":162,"column":3}},{"start":{},"end":{}}],"line":148},"22":{"loc":{"start":{"line":153,"column":18},"end":{"line":153,"column":37}},"type":"binary-expr","locations":[{"start":{"line":153,"column":18},"end":{"line":153,"column":26}},{"start":{"line":153,"column":30},"end":{"line":153,"column":37}}],"line":153},"23":{"loc":{"start":{"line":155,"column":28},"end":{"line":155,"column":55}},"type":"binary-expr","locations":[{"start":{"line":155,"column":28},"end":{"line":155,"column":46}},{"start":{"line":155,"column":50},"end":{"line":155,"column":55}}],"line":155},"24":{"loc":{"start":{"line":167,"column":13},"end":{"line":167,"column":43}},"type":"cond-expr","locations":[{"start":{"line":167,"column":25},"end":{"line":167,"column":31}},{"start":{"line":167,"column":34},"end":{"line":167,"column":43}}],"line":167},"25":{"loc":{"start":{"line":170,"column":23},"end":{"line":170,"column":53}},"type":"cond-expr","locations":[{"start":{"line":170,"column":44},"end":{"line":170,"column":47}},{"start":{"line":170,"column":50},"end":{"line":170,"column":53}}],"line":170},"26":{"loc":{"start":{"line":174,"column":18},"end":{"line":174,"column":37}},"type":"binary-expr","locations":[{"start":{"line":174,"column":18},"end":{"line":174,"column":26}},{"start":{"line":174,"column":30},"end":{"line":174,"column":37}}],"line":174},"27":{"loc":{"start":{"line":176,"column":28},"end":{"line":176,"column":55}},"type":"binary-expr","locations":[{"start":{"line":176,"column":28},"end":{"line":176,"column":46}},{"start":{"line":176,"column":50},"end":{"line":176,"column":55}}],"line":176}},"s":{"0":22,"1":22,"2":1,"3":1,"4":1,"5":22,"6":22,"7":22,"8":22,"9":0,"10":0,"11":22,"12":0,"13":0,"14":22,"15":22,"16":22,"17":22,"18":0,"19":22},"f":{"0":22,"1":1,"2":0,"3":0,"4":22},"b":{"0":[17],"1":[19],"2":[20],"3":[20],"4":[21],"5":[21],"6":[21],"7":[1,0],"8":[1,1,1],"9":[0,0],"10":[0,0],"11":[0,0],"12":[0,0],"13":[22,2],"14":[2,0],"15":[2,2],"16":[22,1,1],"17":[1,0],"18":[22,22],"19":[2,20],"20":[1,21],"21":[0,22],"22":[0,0],"23":[0,0],"24":[1,21],"25":[18,4],"26":[22,20],"27":[22,21]},"_coverageSchema":"1a1c01bbd47fc00a2c39e90264f33305004495a9","hash":"eb1cd473dfbd89fded614b74bb7f67c828ae3ef2"}
,"/Users/dougsimpson/Projects/MyAILandlord/src/components/shared/Card.tsx": {"path":"/Users/dougsimpson/Projects/MyAILandlord/src/components/shared/Card.tsx","statementMap":{"0":{"start":{"line":21,"column":24},"end":{"line":26,"column":3}},"1":{"start":{"line":28,"column":2},"end":{"line":42,"column":4}}},"fnMap":{"0":{"name":"Card","decl":{"start":{"line":13,"column":24},"end":{"line":13,"column":28}},"loc":{"start":{"line":19,"column":14},"end":{"line":43,"column":1}},"line":19}},"branchMap":{"0":{"loc":{"start":{"line":16,"column":2},"end":{"line":16,"column":18}},"type":"default-arg","locations":[{"start":{"line":16,"column":14},"end":{"line":16,"column":18}}],"line":16},"1":{"loc":{"start":{"line":17,"column":2},"end":{"line":17,"column":16}},"type":"default-arg","locations":[{"start":{"line":17,"column":12},"end":{"line":17,"column":16}}],"line":17},"2":{"loc":{"start":{"line":18,"column":2},"end":{"line":18,"column":50}},"type":"default-arg","locations":[{"start":{"line":18,"column":20},"end":{"line":18,"column":50}}],"line":18}},"s":{"0":11,"1":11},"f":{"0":11},"b":{"0":[9],"1":[9],"2":[9]},"_coverageSchema":"1a1c01bbd47fc00a2c39e90264f33305004495a9","hash":"2c65271a9cd5a34d41e35589672b68154fd2a3a9"}
,"/Users/dougsimpson/Projects/MyAILandlord/src/lib/log.ts": {"path":"/Users/dougsimpson/Projects/MyAILandlord/src/lib/log.ts","statementMap":{"0":{"start":{"line":17,"column":33},"end":{"line":31,"column":1}},"1":{"start":{"line":34,"column":28},"end":{"line":38,"column":1}},"2":{"start":{"line":41,"column":28},"end":{"line":46,"column":1}},"3":{"start":{"line":49,"column":21},"end":{"line":52,"column":1}},"4":{"start":{"line":58,"column":2},"end":{"line":58,"column":82}},"5":{"start":{"line":65,"column":26},"end":{"line":65,"column":42}},"6":{"start":{"line":66,"column":2},"end":{"line":66,"column":28}},"7":{"start":{"line":66,"column":15},"end":{"line":66,"column":28}},"8":{"start":{"line":67,"column":2},"end":{"line":67,"column":36}},"9":{"start":{"line":74,"column":2},"end":{"line":74,"column":36}},"10":{"start":{"line":74,"column":23},"end":{"line":74,"column":36}},"11":{"start":{"line":75,"column":2},"end":{"line":75,"column":69}},"12":{"start":{"line":82,"column":2},"end":{"line":82,"column":77}},"13":{"start":{"line":82,"column":52},"end":{"line":82,"column":75}},"14":{"start":{"line":86,"column":2},"end":{"line":86,"column":72}},"15":{"start":{"line":86,"column":47},"end":{"line":86,"column":70}},"16":{"start":{"line":90,"column":2},"end":{"line":90,"column":72}},"17":{"start":{"line":90,"column":47},"end":{"line":90,"column":70}},"18":{"start":{"line":97,"column":2},"end":{"line":99,"column":3}},"19":{"start":{"line":98,"column":4},"end":{"line":98,"column":17}},"20":{"start":{"line":102,"column":2},"end":{"line":104,"column":3}},"21":{"start":{"line":103,"column":4},"end":{"line":103,"column":24}},"22":{"start":{"line":107,"column":2},"end":{"line":113,"column":3}},"23":{"start":{"line":109,"column":4},"end":{"line":111,"column":5}},"24":{"start":{"line":110,"column":6},"end":{"line":110,"column":30}},"25":{"start":{"line":112,"column":4},"end":{"line":112,"column":38}},"26":{"start":{"line":116,"column":2},"end":{"line":118,"column":3}},"27":{"start":{"line":117,"column":4},"end":{"line":117,"column":29}},"28":{"start":{"line":121,"column":2},"end":{"line":127,"column":3}},"29":{"start":{"line":122,"column":4},"end":{"line":126,"column":5}},"30":{"start":{"line":123,"column":6},"end":{"line":125,"column":7}},"31":{"start":{"line":124,"column":8},"end":{"line":124,"column":32}},"32":{"start":{"line":130,"column":2},"end":{"line":132,"column":3}},"33":{"start":{"line":131,"column":4},"end":{"line":131,"column":77}},"34":{"start":{"line":135,"column":2},"end":{"line":137,"column":3}},"35":{"start":{"line":136,"column":4},"end":{"line":136,"column":96}},"36":{"start":{"line":136,"column":38},"end":{"line":136,"column":94}},"37":{"start":{"line":139,"column":2},"end":{"line":139,"column":15}},"38":{"start":{"line":146,"column":2},"end":{"line":160,"column":3}},"39":{"start":{"line":148,"column":4},"end":{"line":148,"column":37}},"40":{"start":{"line":148,"column":19},"end":{"line":148,"column":37}},"41":{"start":{"line":149,"column":4},"end":{"line":149,"column":44}},"42":{"start":{"line":149,"column":15},"end":{"line":149,"column":44}},"43":{"start":{"line":150,"column":4},"end":{"line":150,"column":53}},"44":{"start":{"line":150,"column":33},"end":{"line":150,"column":53}},"45":{"start":{"line":151,"column":4},"end":{"line":151,"column":28}},"46":{"start":{"line":153,"column":47},"end":{"line":153,"column":49}},"47":{"start":{"line":154,"column":4},"end":{"line":156,"column":5}},"48":{"start":{"line":155,"column":6},"end":{"line":155,"column":62}},"49":{"start":{"line":157,"column":4},"end":{"line":157,"column":21}},"50":{"start":{"line":159,"column":4},"end":{"line":159,"column":37}},"51":{"start":{"line":167,"column":2},"end":{"line":172,"column":5}},"52":{"start":{"line":168,"column":4},"end":{"line":170,"column":5}},"53":{"start":{"line":169,"column":6},"end":{"line":169,"column":60}},"54":{"start":{"line":171,"column":4},"end":{"line":171,"column":15}},"55":{"start":{"line":186,"column":19},"end":{"line":202,"column":1}},"56":{"start":{"line":188,"column":22},"end":{"line":188,"column":40}},"57":{"start":{"line":189,"column":4},"end":{"line":189,"column":30}},"58":{"start":{"line":190,"column":4},"end":{"line":190,"column":44}},"59":{"start":{"line":193,"column":22},"end":{"line":193,"column":40}},"60":{"start":{"line":194,"column":4},"end":{"line":194,"column":31}},"61":{"start":{"line":195,"column":4},"end":{"line":195,"column":44}},"62":{"start":{"line":198,"column":22},"end":{"line":198,"column":40}},"63":{"start":{"line":199,"column":4},"end":{"line":199,"column":32}},"64":{"start":{"line":200,"column":4},"end":{"line":200,"column":45}}},"fnMap":{"0":{"name":"hashValue","decl":{"start":{"line":57,"column":9},"end":{"line":57,"column":18}},"loc":{"start":{"line":57,"column":42},"end":{"line":59,"column":1}},"line":57},"1":{"name":"maskEmail","decl":{"start":{"line":64,"column":9},"end":{"line":64,"column":18}},"loc":{"start":{"line":64,"column":42},"end":{"line":68,"column":1}},"line":64},"2":{"name":"maskString","decl":{"start":{"line":73,"column":9},"end":{"line":73,"column":19}},"loc":{"start":{"line":73,"column":41},"end":{"line":76,"column":1}},"line":73},"3":{"name":"isSensitiveField","decl":{"start":{"line":81,"column":9},"end":{"line":81,"column":25}},"loc":{"start":{"line":81,"column":54},"end":{"line":83,"column":1}},"line":81},"4":{"name":"(anonymous_4)","decl":{"start":{"line":82,"column":39},"end":{"line":82,"column":40}},"loc":{"start":{"line":82,"column":52},"end":{"line":82,"column":75}},"line":82},"5":{"name":"isHashField","decl":{"start":{"line":85,"column":9},"end":{"line":85,"column":20}},"loc":{"start":{"line":85,"column":49},"end":{"line":87,"column":1}},"line":85},"6":{"name":"(anonymous_6)","decl":{"start":{"line":86,"column":34},"end":{"line":86,"column":35}},"loc":{"start":{"line":86,"column":47},"end":{"line":86,"column":70}},"line":86},"7":{"name":"isMaskField","decl":{"start":{"line":89,"column":9},"end":{"line":89,"column":20}},"loc":{"start":{"line":89,"column":49},"end":{"line":91,"column":1}},"line":89},"8":{"name":"(anonymous_8)","decl":{"start":{"line":90,"column":34},"end":{"line":90,"column":35}},"loc":{"start":{"line":90,"column":47},"end":{"line":90,"column":70}},"line":90},"9":{"name":"sanitizeValue","decl":{"start":{"line":96,"column":9},"end":{"line":96,"column":22}},"loc":{"start":{"line":96,"column":96},"end":{"line":140,"column":1}},"line":96},"10":{"name":"(anonymous_10)","decl":{"start":{"line":136,"column":21},"end":{"line":136,"column":22}},"loc":{"start":{"line":136,"column":38},"end":{"line":136,"column":94}},"line":136},"11":{"name":"sanitizeObject","decl":{"start":{"line":145,"column":9},"end":{"line":145,"column":23}},"loc":{"start":{"line":145,"column":123},"end":{"line":161,"column":1}},"line":145},"12":{"name":"sanitizeArgs","decl":{"start":{"line":166,"column":9},"end":{"line":166,"column":21}},"loc":{"start":{"line":166,"column":50},"end":{"line":173,"column":1}},"line":166},"13":{"name":"(anonymous_13)","decl":{"start":{"line":167,"column":18},"end":{"line":167,"column":19}},"loc":{"start":{"line":167,"column":27},"end":{"line":172,"column":3}},"line":167},"14":{"name":"sendToLoggingService","decl":{"start":{"line":178,"column":9},"end":{"line":178,"column":29}},"loc":{"start":{"line":178,"column":81},"end":{"line":184,"column":1}},"line":178},"15":{"name":"(anonymous_15)","decl":{"start":{"line":187,"column":8},"end":{"line":187,"column":9}},"loc":{"start":{"line":187,"column":32},"end":{"line":191,"column":3}},"line":187},"16":{"name":"(anonymous_16)","decl":{"start":{"line":192,"column":8},"end":{"line":192,"column":9}},"loc":{"start":{"line":192,"column":32},"end":{"line":196,"column":3}},"line":192},"17":{"name":"(anonymous_17)","decl":{"start":{"line":197,"column":9},"end":{"line":197,"column":10}},"loc":{"start":{"line":197,"column":33},"end":{"line":201,"column":3}},"line":197}},"branchMap":{"0":{"loc":{"start":{"line":66,"column":2},"end":{"line":66,"column":28}},"type":"if","locations":[{"start":{"line":66,"column":2},"end":{"line":66,"column":28}},{"start":{},"end":{}}],"line":66},"1":{"loc":{"start":{"line":74,"column":2},"end":{"line":74,"column":36}},"type":"if","locations":[{"start":{"line":74,"column":2},"end":{"line":74,"column":36}},{"start":{},"end":{}}],"line":74},"2":{"loc":{"start":{"line":96,"column":52},"end":{"line":96,"column":61}},"type":"default-arg","locations":[{"start":{"line":96,"column":60},"end":{"line":96,"column":61}}],"line":96},"3":{"loc":{"start":{"line":97,"column":2},"end":{"line":99,"column":3}},"type":"if","locations":[{"start":{"line":97,"column":2},"end":{"line":99,"column":3}},{"start":{},"end":{}}],"line":97},"4":{"loc":{"start":{"line":97,"column":6},"end":{"line":97,"column":43}},"type":"binary-expr","locations":[{"start":{"line":97,"column":6},"end":{"line":97,"column":20}},{"start":{"line":97,"column":24},"end":{"line":97,"column":43}}],"line":97},"5":{"loc":{"start":{"line":102,"column":2},"end":{"line":104,"column":3}},"type":"if","locations":[{"start":{"line":102,"column":2},"end":{"line":104,"column":3}},{"start":{},"end":{}}],"line":102},"6":{"loc":{"start":{"line":107,"column":2},"end":{"line":113,"column":3}},"type":"if","locations":[{"start":{"line":107,"column":2},"end":{"line":113,"column":3}},{"start":{},"end":{}}],"line":107},"7":{"loc":{"start":{"line":107,"column":6},"end":{"line":107,"column":51}},"type":"binary-expr","locations":[{"start":{"line":107,"column":6},"end":{"line":107,"column":22}},{"start":{"line":107,"column":26},"end":{"line":107,"column":51}}],"line":107},"8":{"loc":{"start":{"line":109,"column":4},"end":{"line":111,"column":5}},"type":"if","locations":[{"start":{"line":109,"column":4},"end":{"line":111,"column":5}},{"start":{},"end":{}}],"line":109},"9":{"loc":{"start":{"line":109,"column":8},"end":{"line":109,"column":49}},"type":"binary-expr","locations":[{"start":{"line":109,"column":8},"end":{"line":109,"column":26}},{"start":{"line":109,"column":30},"end":{"line":109,"column":49}}],"line":109},"10":{"loc":{"start":{"line":116,"column":2},"end":{"line":118,"column":3}},"type":"if","locations":[{"start":{"line":116,"column":2},"end":{"line":118,"column":3}},{"start":{},"end":{}}],"line":116},"11":{"loc":{"start":{"line":116,"column":6},"end":{"line":116,"column":51}},"type":"binary-expr","locations":[{"start":{"line":116,"column":6},"end":{"line":116,"column":22}},{"start":{"line":116,"column":26},"end":{"line":116,"column":51}}],"line":116},"12":{"loc":{"start":{"line":121,"column":2},"end":{"line":127,"column":3}},"type":"if","locations":[{"start":{"line":121,"column":2},"end":{"line":127,"column":3}},{"start":{},"end":{}}],"line":121},"13":{"loc":{"start":{"line":123,"column":6},"end":{"line":125,"column":7}},"type":"if","locations":[{"start":{"line":123,"column":6},"end":{"line":125,"column":7}},{"start":{},"end":{}}],"line":123},"14":{"loc":{"start":{"line":130,"column":2},"end":{"line":132,"column":3}},"type":"if","locations":[{"start":{"line":130,"column":2},"end":{"line":132,"column":3}},{"start":{},"end":{}}],"line":130},"15":{"loc":{"start":{"line":130,"column":6},"end":{"line":130,"column":56}},"type":"binary-expr","locations":[{"start":{"line":130,"column":6},"end":{"line":130,"column":31}},{"start":{"line":130,"column":35},"end":{"line":130,"column":56}}],"line":130},"16":{"loc":{"start":{"line":135,"column":2},"end":{"line":137,"column":3}},"type":"if","locations":[{"start":{"line":135,"column":2},"end":{"line":137,"column":3}},{"start":{},"end":{}}],"line":135},"17":{"loc":{"start":{"line":145,"column":54},"end":{"line":145,"column":63}},"type":"default-arg","locations":[{"start":{"line":145,"column":62},"end":{"line":145,"column":63}}],"line":145},"18":{"loc":{"start":{"line":148,"column":4},"end":{"line":148,"column":37}},"type":"if","locations":[{"start":{"line":148,"column":4},"end":{"line":148,"column":37}},{"start":{},"end":{}}],"line":148},"19":{"loc":{"start":{"line":149,"column":4},"end":{"line":149,"column":44}},"type":"if","locations":[{"start":{"line":149,"column":4},"end":{"line":149,"column":44}},{"start":{},"end":{}}],"line":149},"20":{"loc":{"start":{"line":150,"column":4},"end":{"line":150,"column":53}},"type":"if","locations":[{"start":{"line":150,"column":4},"end":{"line":150,"column":53}},{"start":{},"end":{}}],"line":150},"21":{"loc":{"start":{"line":168,"column":4},"end":{"line":170,"column":5}},"type":"if","locations":[{"start":{"line":168,"column":4},"end":{"line":170,"column":5}},{"start":{},"end":{}}],"line":168},"22":{"loc":{"start":{"line":168,"column":8},"end":{"line":168,"column":61}},"type":"binary-expr","locations":[{"start":{"line":168,"column":8},"end":{"line":168,"column":11}},{"start":{"line":168,"column":15},"end":{"line":168,"column":38}},{"start":{"line":168,"column":42},"end":{"line":168,"column":61}}],"line":168}},"s":{"0":3,"1":3,"2":3,"3":3,"4":1,"5":5,"6":5,"7":0,"8":5,"9":2,"10":0,"11":2,"12":52,"13":468,"14":30,"15":79,"16":24,"17":91,"18":55,"19":3,"20":52,"21":22,"22":30,"23":6,"24":5,"25":1,"26":24,"27":2,"28":22,"29":11,"30":21,"31":1,"32":21,"33":8,"34":13,"35":1,"36":2,"37":12,"38":29,"39":29,"40":0,"41":29,"42":21,"43":29,"44":1,"45":28,"46":28,"47":28,"48":53,"49":28,"50":0,"51":22,"52":43,"53":21,"54":22,"55":3,"56":19,"57":19,"58":19,"59":2,"60":2,"61":2,"62":1,"63":1,"64":1},"f":{"0":1,"1":5,"2":2,"3":52,"4":468,"5":30,"6":79,"7":24,"8":91,"9":55,"10":2,"11":29,"12":22,"13":43,"14":22,"15":19,"16":2,"17":1},"b":{"0":[0,5],"1":[0,2],"2":[0],"3":[3,52],"4":[55,53],"5":[22,30],"6":[6,24],"7":[30,6],"8":[5,1],"9":[6,5],"10":[2,22],"11":[24,2],"12":[11,11],"13":[1,20],"14":[8,13],"15":[21,9],"16":[1,12],"17":[21],"18":[0,29],"19":[21,8],"20":[1,28],"21":[21,22],"22":[43,43,21]},"_coverageSchema":"1a1c01bbd47fc00a2c39e90264f33305004495a9","hash":"07d400aa57b9858ba61e9036474c3cc227eb9cf2"}
,"/Users/dougsimpson/Projects/MyAILandlord/src/lib/rest.ts": {"path":"/Users/dougsimpson/Projects/MyAILandlord/src/lib/rest.ts","statementMap":{"0":{"start":{"line":1,"column":13},"end":{"line":1,"column":59}},"1":{"start":{"line":2,"column":13},"end":{"line":2,"column":64}},"2":{"start":{"line":7,"column":2},"end":{"line":7,"column":55}},"3":{"start":{"line":7,"column":22},"end":{"line":7,"column":55}},"4":{"start":{"line":8,"column":12},"end":{"line":8,"column":42}},"5":{"start":{"line":9,"column":2},"end":{"line":9,"column":43}},"6":{"start":{"line":9,"column":10},"end":{"line":9,"column":43}},"7":{"start":{"line":10,"column":2},"end":{"line":10,"column":91}},"8":{"start":{"line":14,"column":12},"end":{"line":14,"column":44}},"9":{"start":{"line":15,"column":12},"end":{"line":15,"column":46}},"10":{"start":{"line":16,"column":12},"end":{"line":16,"column":71}},"11":{"start":{"line":17,"column":2},"end":{"line":17,"column":61}},"12":{"start":{"line":17,"column":13},"end":{"line":17,"column":61}},"13":{"start":{"line":18,"column":2},"end":{"line":18,"column":17}},"14":{"start":{"line":21,"column":12},"end":{"line":21,"column":44}},"15":{"start":{"line":22,"column":12},"end":{"line":22,"column":150}},"16":{"start":{"line":23,"column":2},"end":{"line":23,"column":61}},"17":{"start":{"line":23,"column":13},"end":{"line":23,"column":61}},"18":{"start":{"line":24,"column":2},"end":{"line":24,"column":17}},"19":{"start":{"line":27,"column":12},"end":{"line":27,"column":44}},"20":{"start":{"line":28,"column":12},"end":{"line":28,"column":46}},"21":{"start":{"line":29,"column":12},"end":{"line":29,"column":156}},"22":{"start":{"line":30,"column":2},"end":{"line":30,"column":61}},"23":{"start":{"line":30,"column":13},"end":{"line":30,"column":61}},"24":{"start":{"line":31,"column":2},"end":{"line":31,"column":17}},"25":{"start":{"line":34,"column":12},"end":{"line":34,"column":44}},"26":{"start":{"line":35,"column":12},"end":{"line":35,"column":46}},"27":{"start":{"line":36,"column":12},"end":{"line":36,"column":89}},"28":{"start":{"line":37,"column":2},"end":{"line":37,"column":61}},"29":{"start":{"line":37,"column":13},"end":{"line":37,"column":61}},"30":{"start":{"line":39,"column":15},"end":{"line":39,"column":29}},"31":{"start":{"line":40,"column":2},"end":{"line":40,"column":24}},"32":{"start":{"line":40,"column":13},"end":{"line":40,"column":24}},"33":{"start":{"line":41,"column":2},"end":{"line":41,"column":25}}},"fnMap":{"0":{"name":"authHeaders","decl":{"start":{"line":6,"column":15},"end":{"line":6,"column":26}},"loc":{"start":{"line":6,"column":80},"end":{"line":11,"column":1}},"line":6},"1":{"name":"restGet","decl":{"start":{"line":13,"column":22},"end":{"line":13,"column":29}},"loc":{"start":{"line":13,"column":103},"end":{"line":19,"column":1}},"line":13},"2":{"name":"restInsert","decl":{"start":{"line":20,"column":22},"end":{"line":20,"column":32}},"loc":{"start":{"line":20,"column":93},"end":{"line":25,"column":1}},"line":20},"3":{"name":"restPatch","decl":{"start":{"line":26,"column":22},"end":{"line":26,"column":31}},"loc":{"start":{"line":26,"column":120},"end":{"line":32,"column":1}},"line":26},"4":{"name":"restDelete","decl":{"start":{"line":33,"column":22},"end":{"line":33,"column":32}},"loc":{"start":{"line":33,"column":106},"end":{"line":42,"column":1}},"line":33}},"branchMap":{"0":{"loc":{"start":{"line":7,"column":2},"end":{"line":7,"column":55}},"type":"if","locations":[{"start":{"line":7,"column":2},"end":{"line":7,"column":55}},{"start":{},"end":{}}],"line":7},"1":{"loc":{"start":{"line":9,"column":2},"end":{"line":9,"column":43}},"type":"if","locations":[{"start":{"line":9,"column":2},"end":{"line":9,"column":43}},{"start":{},"end":{}}],"line":9},"2":{"loc":{"start":{"line":17,"column":2},"end":{"line":17,"column":61}},"type":"if","locations":[{"start":{"line":17,"column":2},"end":{"line":17,"column":61}},{"start":{},"end":{}}],"line":17},"3":{"loc":{"start":{"line":23,"column":2},"end":{"line":23,"column":61}},"type":"if","locations":[{"start":{"line":23,"column":2},"end":{"line":23,"column":61}},{"start":{},"end":{}}],"line":23},"4":{"loc":{"start":{"line":30,"column":2},"end":{"line":30,"column":61}},"type":"if","locations":[{"start":{"line":30,"column":2},"end":{"line":30,"column":61}},{"start":{},"end":{}}],"line":30},"5":{"loc":{"start":{"line":37,"column":2},"end":{"line":37,"column":61}},"type":"if","locations":[{"start":{"line":37,"column":2},"end":{"line":37,"column":61}},{"start":{},"end":{}}],"line":37},"6":{"loc":{"start":{"line":40,"column":2},"end":{"line":40,"column":24}},"type":"if","locations":[{"start":{"line":40,"column":2},"end":{"line":40,"column":24}},{"start":{},"end":{}}],"line":40}},"s":{"0":2,"1":2,"2":14,"3":0,"4":14,"5":14,"6":1,"7":13,"8":7,"9":6,"10":6,"11":5,"12":1,"13":4,"14":2,"15":2,"16":2,"17":1,"18":1,"19":2,"20":2,"21":2,"22":2,"23":1,"24":1,"25":3,"26":3,"27":3,"28":3,"29":1,"30":2,"31":2,"32":1,"33":1},"f":{"0":14,"1":7,"2":2,"3":2,"4":3},"b":{"0":[0,14],"1":[1,13],"2":[1,4],"3":[1,1],"4":[1,1],"5":[1,2],"6":[1,1]},"_coverageSchema":"1a1c01bbd47fc00a2c39e90264f33305004495a9","hash":"819bcc03ad22ec15456a270a017734786b19b572"}
,"/Users/dougsimpson/Projects/MyAILandlord/src/services/storage/PropertyDraftService.ts": {"path":"/Users/dougsimpson/Projects/MyAILandlord/src/services/storage/PropertyDraftService.ts","statementMap":{"0":{"start":{"line":10,"column":43},"end":{"line":10,"column":72}},"1":{"start":{"line":11,"column":44},"end":{"line":11,"column":74}},"2":{"start":{"line":12,"column":48},"end":{"line":12,"column":50}},"3":{"start":{"line":13,"column":44},"end":{"line":13,"column":49}},"4":{"start":{"line":19,"column":4},"end":{"line":19,"column":57}},"5":{"start":{"line":26,"column":4},"end":{"line":26,"column":47}},"6":{"start":{"line":36,"column":4},"end":{"line":38,"column":5}},"7":{"start":{"line":37,"column":6},"end":{"line":37,"column":59}},"8":{"start":{"line":40,"column":4},"end":{"line":98,"column":5}},"9":{"start":{"line":41,"column":25},"end":{"line":41,"column":70}},"10":{"start":{"line":44,"column":32},"end":{"line":49,"column":7}},"11":{"start":{"line":52,"column":6},"end":{"line":87,"column":7}},"12":{"start":{"line":53,"column":8},"end":{"line":53,"column":82}},"13":{"start":{"line":56,"column":26},"end":{"line":56,"column":80}},"14":{"start":{"line":57,"column":29},"end":{"line":57,"column":86}},"15":{"start":{"line":58,"column":8},"end":{"line":86,"column":9}},"16":{"start":{"line":59,"column":10},"end":{"line":59,"column":72}},"17":{"start":{"line":62,"column":10},"end":{"line":62,"column":52}},"18":{"start":{"line":65,"column":34},"end":{"line":75,"column":11}},"19":{"start":{"line":71,"column":57},"end":{"line":74,"column":13}},"20":{"start":{"line":77,"column":10},"end":{"line":83,"column":11}},"21":{"start":{"line":78,"column":12},"end":{"line":78,"column":84}},"22":{"start":{"line":79,"column":12},"end":{"line":79,"column":89}},"23":{"start":{"line":81,"column":12},"end":{"line":81,"column":93}},"24":{"start":{"line":82,"column":12},"end":{"line":82,"column":86}},"25":{"start":{"line":85,"column":10},"end":{"line":85,"column":29}},"26":{"start":{"line":90,"column":6},"end":{"line":90,"column":57}},"27":{"start":{"line":93,"column":6},"end":{"line":93,"column":42}},"28":{"start":{"line":96,"column":6},"end":{"line":96,"column":75}},"29":{"start":{"line":97,"column":6},"end":{"line":97,"column":55}},"30":{"start":{"line":108,"column":4},"end":{"line":110,"column":5}},"31":{"start":{"line":109,"column":6},"end":{"line":109,"column":18}},"32":{"start":{"line":112,"column":4},"end":{"line":146,"column":5}},"33":{"start":{"line":113,"column":25},"end":{"line":113,"column":64}},"34":{"start":{"line":114,"column":24},"end":{"line":114,"column":62}},"35":{"start":{"line":116,"column":6},"end":{"line":118,"column":7}},"36":{"start":{"line":117,"column":8},"end":{"line":117,"column":20}},"37":{"start":{"line":120,"column":20},"end":{"line":120,"column":41}},"38":{"start":{"line":123,"column":6},"end":{"line":126,"column":7}},"39":{"start":{"line":124,"column":8},"end":{"line":124,"column":55}},"40":{"start":{"line":125,"column":8},"end":{"line":125,"column":20}},"41":{"start":{"line":129,"column":6},"end":{"line":135,"column":7}},"42":{"start":{"line":130,"column":30},"end":{"line":130,"column":60}},"43":{"start":{"line":131,"column":8},"end":{"line":134,"column":9}},"44":{"start":{"line":132,"column":10},"end":{"line":132,"column":54}},"45":{"start":{"line":133,"column":10},"end":{"line":133,"column":31}},"46":{"start":{"line":138,"column":6},"end":{"line":141,"column":8}},"47":{"start":{"line":144,"column":6},"end":{"line":144,"column":75}},"48":{"start":{"line":145,"column":6},"end":{"line":145,"column":18}},"49":{"start":{"line":153,"column":4},"end":{"line":155,"column":5}},"50":{"start":{"line":154,"column":6},"end":{"line":154,"column":16}},"51":{"start":{"line":157,"column":4},"end":{"line":184,"column":5}},"52":{"start":{"line":158,"column":28},"end":{"line":158,"column":61}},"53":{"start":{"line":159,"column":29},"end":{"line":159,"column":70}},"54":{"start":{"line":161,"column":6},"end":{"line":163,"column":7}},"55":{"start":{"line":162,"column":8},"end":{"line":162,"column":18}},"56":{"start":{"line":165,"column":33},"end":{"line":165,"column":59}},"57":{"start":{"line":166,"column":43},"end":{"line":166,"column":45}},"58":{"start":{"line":169,"column":6},"end":{"line":174,"column":7}},"59":{"start":{"line":170,"column":22},"end":{"line":170,"column":59}},"60":{"start":{"line":171,"column":8},"end":{"line":173,"column":9}},"61":{"start":{"line":172,"column":10},"end":{"line":172,"column":29}},"62":{"start":{"line":177,"column":6},"end":{"line":179,"column":8}},"63":{"start":{"line":178,"column":8},"end":{"line":178,"column":79}},"64":{"start":{"line":182,"column":6},"end":{"line":182,"column":72}},"65":{"start":{"line":183,"column":6},"end":{"line":183,"column":16}},"66":{"start":{"line":191,"column":4},"end":{"line":193,"column":5}},"67":{"start":{"line":192,"column":6},"end":{"line":192,"column":13}},"68":{"start":{"line":195,"column":4},"end":{"line":214,"column":5}},"69":{"start":{"line":196,"column":25},"end":{"line":196,"column":64}},"70":{"start":{"line":199,"column":6},"end":{"line":199,"column":48}},"71":{"start":{"line":202,"column":28},"end":{"line":202,"column":61}},"72":{"start":{"line":203,"column":29},"end":{"line":203,"column":70}},"73":{"start":{"line":205,"column":6},"end":{"line":209,"column":7}},"74":{"start":{"line":206,"column":35},"end":{"line":206,"column":61}},"75":{"start":{"line":207,"column":27},"end":{"line":207,"column":64}},"76":{"start":{"line":207,"column":49},"end":{"line":207,"column":63}},"77":{"start":{"line":208,"column":8},"end":{"line":208,"column":78}},"78":{"start":{"line":212,"column":6},"end":{"line":212,"column":77}},"79":{"start":{"line":213,"column":6},"end":{"line":213,"column":57}},"80":{"start":{"line":221,"column":4},"end":{"line":223,"column":5}},"81":{"start":{"line":222,"column":6},"end":{"line":222,"column":13}},"82":{"start":{"line":225,"column":4},"end":{"line":240,"column":5}},"83":{"start":{"line":226,"column":21},"end":{"line":226,"column":53}},"84":{"start":{"line":229,"column":6},"end":{"line":231,"column":7}},"85":{"start":{"line":230,"column":8},"end":{"line":230,"column":49}},"86":{"start":{"line":234,"column":28},"end":{"line":234,"column":61}},"87":{"start":{"line":235,"column":6},"end":{"line":235,"column":51}},"88":{"start":{"line":238,"column":6},"end":{"line":238,"column":77}},"89":{"start":{"line":239,"column":6},"end":{"line":239,"column":57}},"90":{"start":{"line":252,"column":16},"end":{"line":252,"column":26}},"91":{"start":{"line":253,"column":20},"end":{"line":253,"column":87}},"92":{"start":{"line":256,"column":31},"end":{"line":256,"column":32}},"93":{"start":{"line":257,"column":23},"end":{"line":257,"column":24}},"94":{"start":{"line":259,"column":4},"end":{"line":261,"column":5}},"95":{"start":{"line":260,"column":6},"end":{"line":260,"column":74}},"96":{"start":{"line":264,"column":4},"end":{"line":266,"column":5}},"97":{"start":{"line":265,"column":6},"end":{"line":265,"column":64}},"98":{"start":{"line":267,"column":4},"end":{"line":269,"column":5}},"99":{"start":{"line":268,"column":6},"end":{"line":268,"column":64}},"100":{"start":{"line":270,"column":4},"end":{"line":272,"column":5}},"101":{"start":{"line":271,"column":6},"end":{"line":271,"column":64}},"102":{"start":{"line":274,"column":4},"end":{"line":299,"column":6}},"103":{"start":{"line":306,"column":4},"end":{"line":322,"column":5}},"104":{"start":{"line":307,"column":6},"end":{"line":307,"column":72}},"105":{"start":{"line":308,"column":21},"end":{"line":308,"column":53}},"106":{"start":{"line":311,"column":6},"end":{"line":313,"column":7}},"107":{"start":{"line":312,"column":8},"end":{"line":312,"column":49}},"108":{"start":{"line":316,"column":28},"end":{"line":316,"column":61}},"109":{"start":{"line":317,"column":6},"end":{"line":317,"column":51}},"110":{"start":{"line":319,"column":6},"end":{"line":319,"column":59}},"111":{"start":{"line":321,"column":6},"end":{"line":321,"column":73}},"112":{"start":{"line":332,"column":4},"end":{"line":352,"column":5}},"113":{"start":{"line":333,"column":21},"end":{"line":333,"column":53}},"114":{"start":{"line":334,"column":22},"end":{"line":334,"column":23}},"115":{"start":{"line":336,"column":6},"end":{"line":342,"column":7}},"116":{"start":{"line":337,"column":27},"end":{"line":337,"column":67}},"117":{"start":{"line":338,"column":26},"end":{"line":338,"column":64}},"118":{"start":{"line":339,"column":8},"end":{"line":341,"column":9}},"119":{"start":{"line":340,"column":10},"end":{"line":340,"column":50}},"120":{"start":{"line":344,"column":6},"end":{"line":347,"column":8}},"121":{"start":{"line":350,"column":6},"end":{"line":350,"column":79}},"122":{"start":{"line":351,"column":6},"end":{"line":351,"column":51}},"123":{"start":{"line":359,"column":26},"end":{"line":359,"column":59}},"124":{"start":{"line":361,"column":4},"end":{"line":373,"column":5}},"125":{"start":{"line":362,"column":29},"end":{"line":362,"column":70}},"126":{"start":{"line":363,"column":31},"end":{"line":363,"column":79}},"127":{"start":{"line":366,"column":6},"end":{"line":368,"column":7}},"128":{"start":{"line":367,"column":8},"end":{"line":367,"column":34}},"129":{"start":{"line":370,"column":6},"end":{"line":370,"column":74}},"130":{"start":{"line":372,"column":6},"end":{"line":372,"column":74}},"131":{"start":{"line":380,"column":4},"end":{"line":413,"column":5}},"132":{"start":{"line":381,"column":21},"end":{"line":381,"column":53}},"133":{"start":{"line":383,"column":49},"end":{"line":383,"column":51}},"134":{"start":{"line":385,"column":6},"end":{"line":401,"column":7}},"135":{"start":{"line":387,"column":29},"end":{"line":389,"column":9}},"136":{"start":{"line":388,"column":10},"end":{"line":388,"column":81}},"137":{"start":{"line":391,"column":8},"end":{"line":391,"column":47}},"138":{"start":{"line":392,"column":8},"end":{"line":392,"column":80}},"139":{"start":{"line":393,"column":13},"end":{"line":401,"column":7}},"140":{"start":{"line":395,"column":29},"end":{"line":397,"column":9}},"141":{"start":{"line":396,"column":10},"end":{"line":396,"column":81}},"142":{"start":{"line":400,"column":8},"end":{"line":400,"column":70}},"143":{"start":{"line":404,"column":6},"end":{"line":406,"column":7}},"144":{"start":{"line":405,"column":8},"end":{"line":405,"column":49}},"145":{"start":{"line":408,"column":6},"end":{"line":410,"column":7}},"146":{"start":{"line":409,"column":8},"end":{"line":409,"column":67}},"147":{"start":{"line":412,"column":6},"end":{"line":412,"column":74}},"148":{"start":{"line":420,"column":4},"end":{"line":422,"column":5}},"149":{"start":{"line":421,"column":6},"end":{"line":421,"column":18}},"150":{"start":{"line":425,"column":21},"end":{"line":425,"column":53}},"151":{"start":{"line":427,"column":4},"end":{"line":458,"column":5}},"152":{"start":{"line":429,"column":6},"end":{"line":454,"column":8}},"153":{"start":{"line":456,"column":6},"end":{"line":456,"column":69}},"154":{"start":{"line":457,"column":6},"end":{"line":457,"column":18}}},"fnMap":{"0":{"name":"(anonymous_0)","decl":{"start":{"line":18,"column":2},"end":{"line":18,"column":3}},"loc":{"start":{"line":18,"column":76},"end":{"line":20,"column":3}},"line":18},"1":{"name":"(anonymous_1)","decl":{"start":{"line":25,"column":2},"end":{"line":25,"column":3}},"loc":{"start":{"line":25,"column":62},"end":{"line":27,"column":3}},"line":25},"2":{"name":"(anonymous_2)","decl":{"start":{"line":32,"column":2},"end":{"line":32,"column":3}},"loc":{"start":{"line":35,"column":19},"end":{"line":99,"column":3}},"line":35},"3":{"name":"(anonymous_3)","decl":{"start":{"line":71,"column":48},"end":{"line":71,"column":49}},"loc":{"start":{"line":71,"column":57},"end":{"line":74,"column":13}},"line":71},"4":{"name":"(anonymous_4)","decl":{"start":{"line":104,"column":2},"end":{"line":104,"column":3}},"loc":{"start":{"line":107,"column":40},"end":{"line":147,"column":3}},"line":107},"5":{"name":"(anonymous_5)","decl":{"start":{"line":152,"column":2},"end":{"line":152,"column":3}},"loc":{"start":{"line":152,"column":76},"end":{"line":185,"column":3}},"line":152},"6":{"name":"(anonymous_6)","decl":{"start":{"line":177,"column":25},"end":{"line":177,"column":26}},"loc":{"start":{"line":178,"column":8},"end":{"line":178,"column":79}},"line":178},"7":{"name":"(anonymous_7)","decl":{"start":{"line":190,"column":2},"end":{"line":190,"column":3}},"loc":{"start":{"line":190,"column":75},"end":{"line":215,"column":3}},"line":190},"8":{"name":"(anonymous_8)","decl":{"start":{"line":207,"column":43},"end":{"line":207,"column":44}},"loc":{"start":{"line":207,"column":49},"end":{"line":207,"column":63}},"line":207},"9":{"name":"(anonymous_9)","decl":{"start":{"line":220,"column":2},"end":{"line":220,"column":3}},"loc":{"start":{"line":220,"column":65},"end":{"line":241,"column":3}},"line":220},"10":{"name":"(anonymous_10)","decl":{"start":{"line":246,"column":2},"end":{"line":246,"column":3}},"loc":{"start":{"line":251,"column":24},"end":{"line":300,"column":3}},"line":251},"11":{"name":"(anonymous_11)","decl":{"start":{"line":305,"column":2},"end":{"line":305,"column":3}},"loc":{"start":{"line":305,"column":65},"end":{"line":323,"column":3}},"line":305},"12":{"name":"(anonymous_12)","decl":{"start":{"line":328,"column":2},"end":{"line":328,"column":3}},"loc":{"start":{"line":331,"column":5},"end":{"line":353,"column":3}},"line":331},"13":{"name":"(anonymous_13)","decl":{"start":{"line":358,"column":2},"end":{"line":358,"column":3}},"loc":{"start":{"line":358,"column":88},"end":{"line":374,"column":3}},"line":358},"14":{"name":"(anonymous_14)","decl":{"start":{"line":379,"column":2},"end":{"line":379,"column":3}},"loc":{"start":{"line":379,"column":102},"end":{"line":414,"column":3}},"line":379},"15":{"name":"(anonymous_15)","decl":{"start":{"line":387,"column":41},"end":{"line":387,"column":42}},"loc":{"start":{"line":388,"column":10},"end":{"line":388,"column":81}},"line":388},"16":{"name":"(anonymous_16)","decl":{"start":{"line":395,"column":41},"end":{"line":395,"column":42}},"loc":{"start":{"line":396,"column":10},"end":{"line":396,"column":81}},"line":396},"17":{"name":"(anonymous_17)","decl":{"start":{"line":419,"column":2},"end":{"line":419,"column":3}},"loc":{"start":{"line":419,"column":88},"end":{"line":459,"column":3}},"line":419}},"branchMap":{"0":{"loc":{"start":{"line":36,"column":4},"end":{"line":38,"column":5}},"type":"if","locations":[{"start":{"line":36,"column":4},"end":{"line":38,"column":5}},{"start":{},"end":{}}],"line":36},"1":{"loc":{"start":{"line":56,"column":26},"end":{"line":56,"column":80}},"type":"cond-expr","locations":[{"start":{"line":56,"column":58},"end":{"line":56,"column":75}},{"start":{"line":56,"column":78},"end":{"line":56,"column":80}}],"line":56},"2":{"loc":{"start":{"line":57,"column":29},"end":{"line":57,"column":86}},"type":"cond-expr","locations":[{"start":{"line":57,"column":61},"end":{"line":57,"column":81}},{"start":{"line":57,"column":84},"end":{"line":57,"column":86}}],"line":57},"3":{"loc":{"start":{"line":58,"column":8},"end":{"line":86,"column":9}},"type":"if","locations":[{"start":{"line":58,"column":8},"end":{"line":86,"column":9}},{"start":{"line":84,"column":15},"end":{"line":86,"column":9}}],"line":58},"4":{"loc":{"start":{"line":58,"column":12},"end":{"line":58,"column":81}},"type":"binary-expr","locations":[{"start":{"line":58,"column":12},"end":{"line":58,"column":46}},{"start":{"line":58,"column":50},"end":{"line":58,"column":81}}],"line":58},"5":{"loc":{"start":{"line":108,"column":4},"end":{"line":110,"column":5}},"type":"if","locations":[{"start":{"line":108,"column":4},"end":{"line":110,"column":5}},{"start":{},"end":{}}],"line":108},"6":{"loc":{"start":{"line":108,"column":8},"end":{"line":108,"column":27}},"type":"binary-expr","locations":[{"start":{"line":108,"column":8},"end":{"line":108,"column":15}},{"start":{"line":108,"column":19},"end":{"line":108,"column":27}}],"line":108},"7":{"loc":{"start":{"line":116,"column":6},"end":{"line":118,"column":7}},"type":"if","locations":[{"start":{"line":116,"column":6},"end":{"line":118,"column":7}},{"start":{},"end":{}}],"line":116},"8":{"loc":{"start":{"line":123,"column":6},"end":{"line":126,"column":7}},"type":"if","locations":[{"start":{"line":123,"column":6},"end":{"line":126,"column":7}},{"start":{},"end":{}}],"line":123},"9":{"loc":{"start":{"line":129,"column":6},"end":{"line":135,"column":7}},"type":"if","locations":[{"start":{"line":129,"column":6},"end":{"line":135,"column":7}},{"start":{},"end":{}}],"line":129},"10":{"loc":{"start":{"line":131,"column":8},"end":{"line":134,"column":9}},"type":"if","locations":[{"start":{"line":131,"column":8},"end":{"line":134,"column":9}},{"start":{},"end":{}}],"line":131},"11":{"loc":{"start":{"line":153,"column":4},"end":{"line":155,"column":5}},"type":"if","locations":[{"start":{"line":153,"column":4},"end":{"line":155,"column":5}},{"start":{},"end":{}}],"line":153},"12":{"loc":{"start":{"line":161,"column":6},"end":{"line":163,"column":7}},"type":"if","locations":[{"start":{"line":161,"column":6},"end":{"line":163,"column":7}},{"start":{},"end":{}}],"line":161},"13":{"loc":{"start":{"line":171,"column":8},"end":{"line":173,"column":9}},"type":"if","locations":[{"start":{"line":171,"column":8},"end":{"line":173,"column":9}},{"start":{},"end":{}}],"line":171},"14":{"loc":{"start":{"line":191,"column":4},"end":{"line":193,"column":5}},"type":"if","locations":[{"start":{"line":191,"column":4},"end":{"line":193,"column":5}},{"start":{},"end":{}}],"line":191},"15":{"loc":{"start":{"line":191,"column":8},"end":{"line":191,"column":27}},"type":"binary-expr","locations":[{"start":{"line":191,"column":8},"end":{"line":191,"column":15}},{"start":{"line":191,"column":19},"end":{"line":191,"column":27}}],"line":191},"16":{"loc":{"start":{"line":205,"column":6},"end":{"line":209,"column":7}},"type":"if","locations":[{"start":{"line":205,"column":6},"end":{"line":209,"column":7}},{"start":{},"end":{}}],"line":205},"17":{"loc":{"start":{"line":221,"column":4},"end":{"line":223,"column":5}},"type":"if","locations":[{"start":{"line":221,"column":4},"end":{"line":223,"column":5}},{"start":{},"end":{}}],"line":221},"18":{"loc":{"start":{"line":248,"column":4},"end":{"line":248,"column":30}},"type":"default-arg","locations":[{"start":{"line":248,"column":28},"end":{"line":248,"column":30}}],"line":248},"19":{"loc":{"start":{"line":249,"column":4},"end":{"line":249,"column":32}},"type":"default-arg","locations":[{"start":{"line":249,"column":30},"end":{"line":249,"column":32}}],"line":249},"20":{"loc":{"start":{"line":250,"column":4},"end":{"line":250,"column":27}},"type":"default-arg","locations":[{"start":{"line":250,"column":26},"end":{"line":250,"column":27}}],"line":250},"21":{"loc":{"start":{"line":259,"column":4},"end":{"line":261,"column":5}},"type":"if","locations":[{"start":{"line":259,"column":4},"end":{"line":261,"column":5}},{"start":{},"end":{}}],"line":259},"22":{"loc":{"start":{"line":264,"column":4},"end":{"line":266,"column":5}},"type":"if","locations":[{"start":{"line":264,"column":4},"end":{"line":266,"column":5}},{"start":{},"end":{}}],"line":264},"23":{"loc":{"start":{"line":264,"column":8},"end":{"line":264,"column":70}},"type":"binary-expr","locations":[{"start":{"line":264,"column":8},"end":{"line":264,"column":25}},{"start":{"line":264,"column":29},"end":{"line":264,"column":49}},{"start":{"line":264,"column":53},"end":{"line":264,"column":70}}],"line":264},"24":{"loc":{"start":{"line":267,"column":4},"end":{"line":269,"column":5}},"type":"if","locations":[{"start":{"line":267,"column":4},"end":{"line":269,"column":5}},{"start":{},"end":{}}],"line":267},"25":{"loc":{"start":{"line":270,"column":4},"end":{"line":272,"column":5}},"type":"if","locations":[{"start":{"line":270,"column":4},"end":{"line":272,"column":5}},{"start":{},"end":{}}],"line":270},"26":{"loc":{"start":{"line":276,"column":14},"end":{"line":276,"column":99}},"type":"cond-expr","locations":[{"start":{"line":276,"column":44},"end":{"line":276,"column":55}},{"start":{"line":276,"column":58},"end":{"line":276,"column":99}}],"line":276},"27":{"loc":{"start":{"line":276,"column":58},"end":{"line":276,"column":99}},"type":"cond-expr","locations":[{"start":{"line":276,"column":76},"end":{"line":276,"column":89}},{"start":{"line":276,"column":92},"end":{"line":276,"column":99}}],"line":276},"28":{"loc":{"start":{"line":339,"column":8},"end":{"line":341,"column":9}},"type":"if","locations":[{"start":{"line":339,"column":8},"end":{"line":341,"column":9}},{"start":{},"end":{}}],"line":339},"29":{"loc":{"start":{"line":363,"column":31},"end":{"line":363,"column":79}},"type":"cond-expr","locations":[{"start":{"line":363,"column":48},"end":{"line":363,"column":74}},{"start":{"line":363,"column":77},"end":{"line":363,"column":79}}],"line":363},"30":{"loc":{"start":{"line":366,"column":6},"end":{"line":368,"column":7}},"type":"if","locations":[{"start":{"line":366,"column":6},"end":{"line":368,"column":7}},{"start":{},"end":{}}],"line":366},"31":{"loc":{"start":{"line":379,"column":56},"end":{"line":379,"column":85}},"type":"default-arg","locations":[{"start":{"line":379,"column":80},"end":{"line":379,"column":85}}],"line":379},"32":{"loc":{"start":{"line":385,"column":6},"end":{"line":401,"column":7}},"type":"if","locations":[{"start":{"line":385,"column":6},"end":{"line":401,"column":7}},{"start":{"line":393,"column":13},"end":{"line":401,"column":7}}],"line":385},"33":{"loc":{"start":{"line":393,"column":13},"end":{"line":401,"column":7}},"type":"if","locations":[{"start":{"line":393,"column":13},"end":{"line":401,"column":7}},{"start":{},"end":{}}],"line":393},"34":{"loc":{"start":{"line":408,"column":6},"end":{"line":410,"column":7}},"type":"if","locations":[{"start":{"line":408,"column":6},"end":{"line":410,"column":7}},{"start":{},"end":{}}],"line":408},"35":{"loc":{"start":{"line":420,"column":4},"end":{"line":422,"column":5}},"type":"if","locations":[{"start":{"line":420,"column":4},"end":{"line":422,"column":5}},{"start":{},"end":{}}],"line":420},"36":{"loc":{"start":{"line":420,"column":8},"end":{"line":420,"column":43}},"type":"binary-expr","locations":[{"start":{"line":420,"column":8},"end":{"line":420,"column":14}},{"start":{"line":420,"column":18},"end":{"line":420,"column":43}}],"line":420},"37":{"loc":{"start":{"line":430,"column":12},"end":{"line":430,"column":63}},"type":"binary-expr","locations":[{"start":{"line":430,"column":13},"end":{"line":430,"column":34}},{"start":{"line":430,"column":39},"end":{"line":430,"column":63}}],"line":430},"38":{"loc":{"start":{"line":431,"column":16},"end":{"line":431,"column":76}},"type":"binary-expr","locations":[{"start":{"line":431,"column":17},"end":{"line":431,"column":64}},{"start":{"line":431,"column":69},"end":{"line":431,"column":76}}],"line":431},"39":{"loc":{"start":{"line":432,"column":21},"end":{"line":432,"column":58}},"type":"binary-expr","locations":[{"start":{"line":432,"column":22},"end":{"line":432,"column":52}},{"start":{"line":432,"column":57},"end":{"line":432,"column":58}}],"line":432},"40":{"loc":{"start":{"line":433,"column":22},"end":{"line":433,"column":100}},"type":"cond-expr","locations":[{"start":{"line":433,"column":46},"end":{"line":433,"column":87}},{"start":{"line":433,"column":90},"end":{"line":433,"column":100}}],"line":433},"41":{"loc":{"start":{"line":434,"column":30},"end":{"line":434,"column":76}},"type":"binary-expr","locations":[{"start":{"line":434,"column":31},"end":{"line":434,"column":70}},{"start":{"line":434,"column":75},"end":{"line":434,"column":76}}],"line":434},"42":{"loc":{"start":{"line":452,"column":15},"end":{"line":452,"column":55}},"type":"binary-expr","locations":[{"start":{"line":452,"column":16},"end":{"line":452,"column":48}},{"start":{"line":452,"column":53},"end":{"line":452,"column":55}}],"line":452},"43":{"loc":{"start":{"line":453,"column":16},"end":{"line":453,"column":58}},"type":"binary-expr","locations":[{"start":{"line":453,"column":17},"end":{"line":453,"column":51}},{"start":{"line":453,"column":56},"end":{"line":453,"column":58}}],"line":453}},"s":{"0":1,"1":1,"2":1,"3":1,"4":5,"5":4,"6":2,"7":1,"8":1,"9":1,"10":1,"11":1,"12":1,"13":0,"14":0,"15":0,"16":0,"17":0,"18":0,"19":0,"20":0,"21":0,"22":0,"23":0,"24":0,"25":0,"26":1,"27":1,"28":0,"29":0,"30":3,"31":0,"32":3,"33":3,"34":3,"35":3,"36":1,"37":2,"38":2,"39":1,"40":1,"41":1,"42":0,"43":0,"44":0,"45":0,"46":1,"47":0,"48":0,"49":3,"50":1,"51":2,"52":2,"53":2,"54":2,"55":2,"56":0,"57":0,"58":0,"59":0,"60":0,"61":0,"62":0,"63":0,"64":0,"65":0,"66":1,"67":0,"68":1,"69":1,"70":1,"71":1,"72":1,"73":1,"74":1,"75":1,"76":2,"77":1,"78":0,"79":0,"80":0,"81":0,"82":0,"83":0,"84":0,"85":0,"86":0,"87":0,"88":0,"89":0,"90":3,"91":3,"92":3,"93":3,"94":3,"95":0,"96":3,"97":2,"98":3,"99":0,"100":3,"101":0,"102":3,"103":0,"104":0,"105":0,"106":0,"107":0,"108":0,"109":0,"110":0,"111":0,"112":0,"113":0,"114":0,"115":0,"116":0,"117":0,"118":0,"119":0,"120":0,"121":0,"122":0,"123":1,"124":1,"125":1,"126":1,"127":1,"128":1,"129":1,"130":0,"131":1,"132":1,"133":1,"134":1,"135":0,"136":0,"137":0,"138":0,"139":1,"140":0,"141":0,"142":0,"143":1,"144":0,"145":1,"146":0,"147":0,"148":0,"149":0,"150":0,"151":0,"152":0,"153":0,"154":0},"f":{"0":5,"1":4,"2":2,"3":0,"4":3,"5":3,"6":0,"7":1,"8":2,"9":0,"10":3,"11":0,"12":0,"13":1,"14":1,"15":0,"16":0,"17":0},"b":{"0":[1,1],"1":[0,0],"2":[0,0],"3":[0,0],"4":[0,0],"5":[0,3],"6":[3,3],"7":[1,2],"8":[1,1],"9":[0,1],"10":[0,0],"11":[1,2],"12":[2,0],"13":[0,0],"14":[0,1],"15":[1,1],"16":[1,0],"17":[0,0],"18":[3],"19":[3],"20":[3],"21":[0,3],"22":[2,1],"23":[3,2,2],"24":[0,3],"25":[0,3],"26":[0,3],"27":[0,3],"28":[0,0],"29":[0,1],"30":[1,0],"31":[1],"32":[0,1],"33":[0,1],"34":[0,1],"35":[0,0],"36":[0,0],"37":[0,0],"38":[0,0],"39":[0,0],"40":[0,0],"41":[0,0],"42":[0,0],"43":[0,0]},"_coverageSchema":"1a1c01bbd47fc00a2c39e90264f33305004495a9","hash":"224ea94a8a91779d9d9f7eb17bf3a863eb54f1c2"}
,"/Users/dougsimpson/Projects/MyAILandlord/src/services/supabase/storage.ts": {"path":"/Users/dougsimpson/Projects/MyAILandlord/src/services/supabase/storage.ts","statementMap":{"0":{"start":{"line":6,"column":43},"end":{"line":6,"column":47}},"1":{"start":{"line":9,"column":2},"end":{"line":9,"column":25}},"2":{"start":{"line":13,"column":2},"end":{"line":15,"column":3}},"3":{"start":{"line":14,"column":4},"end":{"line":14,"column":84}},"4":{"start":{"line":16,"column":2},"end":{"line":16,"column":23}},"5":{"start":{"line":33,"column":27},"end":{"line":33,"column":78}},"6":{"start":{"line":34,"column":25},"end":{"line":34,"column":28}},"7":{"start":{"line":38,"column":4},"end":{"line":40,"column":5}},"8":{"start":{"line":39,"column":6},"end":{"line":39,"column":64}},"9":{"start":{"line":39,"column":34},"end":{"line":39,"column":64}},"10":{"start":{"line":42,"column":4},"end":{"line":45,"column":5}},"11":{"start":{"line":43,"column":23},"end":{"line":43,"column":84}},"12":{"start":{"line":44,"column":6},"end":{"line":44,"column":57}},"13":{"start":{"line":44,"column":20},"end":{"line":44,"column":57}},"14":{"start":{"line":46,"column":4},"end":{"line":46,"column":40}},"15":{"start":{"line":52,"column":48},"end":{"line":52,"column":55}},"16":{"start":{"line":54,"column":4},"end":{"line":81,"column":5}},"17":{"start":{"line":58,"column":6},"end":{"line":64,"column":7}},"18":{"start":{"line":60,"column":27},"end":{"line":60,"column":71}},"19":{"start":{"line":61,"column":8},"end":{"line":61,"column":40}},"20":{"start":{"line":63,"column":8},"end":{"line":63,"column":26}},"21":{"start":{"line":66,"column":30},"end":{"line":71,"column":10}},"22":{"start":{"line":73,"column":6},"end":{"line":75,"column":7}},"23":{"start":{"line":74,"column":8},"end":{"line":74,"column":59}},"24":{"start":{"line":77,"column":6},"end":{"line":77,"column":33}},"25":{"start":{"line":79,"column":6},"end":{"line":79,"column":66}},"26":{"start":{"line":80,"column":6},"end":{"line":80,"column":18}},"27":{"start":{"line":88,"column":27},"end":{"line":88,"column":67}},"28":{"start":{"line":88,"column":45},"end":{"line":88,"column":66}},"29":{"start":{"line":89,"column":4},"end":{"line":89,"column":39}},"30":{"start":{"line":96,"column":21},"end":{"line":96,"column":40}},"31":{"start":{"line":97,"column":19},"end":{"line":97,"column":52}},"32":{"start":{"line":98,"column":4},"end":{"line":100,"column":5}},"33":{"start":{"line":99,"column":6},"end":{"line":99,"column":24}},"34":{"start":{"line":101,"column":28},"end":{"line":103,"column":39}},"35":{"start":{"line":105,"column":4},"end":{"line":107,"column":5}},"36":{"start":{"line":106,"column":6},"end":{"line":106,"column":68}},"37":{"start":{"line":108,"column":4},"end":{"line":111,"column":7}},"38":{"start":{"line":112,"column":4},"end":{"line":112,"column":26}},"39":{"start":{"line":119,"column":22},"end":{"line":121,"column":21}},"40":{"start":{"line":123,"column":4},"end":{"line":125,"column":5}},"41":{"start":{"line":124,"column":6},"end":{"line":124,"column":65}},"42":{"start":{"line":132,"column":22},"end":{"line":134,"column":20}},"43":{"start":{"line":136,"column":4},"end":{"line":138,"column":5}},"44":{"start":{"line":137,"column":6},"end":{"line":137,"column":66}},"45":{"start":{"line":145,"column":28},"end":{"line":147,"column":19}},"46":{"start":{"line":149,"column":4},"end":{"line":151,"column":5}},"47":{"start":{"line":150,"column":6},"end":{"line":150,"column":64}},"48":{"start":{"line":153,"column":4},"end":{"line":153,"column":16}},"49":{"start":{"line":157,"column":4},"end":{"line":157,"column":27}},"50":{"start":{"line":157,"column":15},"end":{"line":157,"column":27}},"51":{"start":{"line":158,"column":4},"end":{"line":162,"column":5}},"52":{"start":{"line":159,"column":6},"end":{"line":159,"column":51}},"53":{"start":{"line":161,"column":6},"end":{"line":161,"column":18}},"54":{"start":{"line":169,"column":22},"end":{"line":169,"column":32}},"55":{"start":{"line":170,"column":25},"end":{"line":170,"column":64}},"56":{"start":{"line":171,"column":22},"end":{"line":171,"column":47}},"57":{"start":{"line":172,"column":27},"end":{"line":172,"column":60}},"58":{"start":{"line":174,"column":4},"end":{"line":174,"column":83}},"59":{"start":{"line":181,"column":22},"end":{"line":181,"column":62}},"60":{"start":{"line":183,"column":52},"end":{"line":202,"column":5}},"61":{"start":{"line":204,"column":4},"end":{"line":204,"column":71}},"62":{"start":{"line":208,"column":30},"end":{"line":208,"column":58}},"63":{"start":{"line":211,"column":38},"end":{"line":226,"column":1}},"64":{"start":{"line":216,"column":15},"end":{"line":219,"column":3}},"65":{"start":{"line":221,"column":2},"end":{"line":225,"column":5}},"66":{"start":{"line":228,"column":31},"end":{"line":243,"column":1}},"67":{"start":{"line":233,"column":15},"end":{"line":236,"column":3}},"68":{"start":{"line":238,"column":2},"end":{"line":242,"column":5}},"69":{"start":{"line":245,"column":35},"end":{"line":260,"column":1}},"70":{"start":{"line":250,"column":15},"end":{"line":253,"column":3}},"71":{"start":{"line":255,"column":2},"end":{"line":259,"column":5}}},"fnMap":{"0":{"name":"setStorageSupabaseClient","decl":{"start":{"line":8,"column":16},"end":{"line":8,"column":40}},"loc":{"start":{"line":8,"column":65},"end":{"line":10,"column":1}},"line":8},"1":{"name":"requireClient","decl":{"start":{"line":12,"column":9},"end":{"line":12,"column":22}},"loc":{"start":{"line":12,"column":41},"end":{"line":17,"column":1}},"line":12},"2":{"name":"(anonymous_2)","decl":{"start":{"line":36,"column":2},"end":{"line":36,"column":3}},"loc":{"start":{"line":36,"column":75},"end":{"line":47,"column":3}},"line":36},"3":{"name":"(anonymous_3)","decl":{"start":{"line":51,"column":2},"end":{"line":51,"column":3}},"loc":{"start":{"line":51,"column":66},"end":{"line":82,"column":3}},"line":51},"4":{"name":"(anonymous_4)","decl":{"start":{"line":87,"column":2},"end":{"line":87,"column":3}},"loc":{"start":{"line":87,"column":69},"end":{"line":90,"column":3}},"line":87},"5":{"name":"(anonymous_5)","decl":{"start":{"line":88,"column":37},"end":{"line":88,"column":38}},"loc":{"start":{"line":88,"column":45},"end":{"line":88,"column":66}},"line":88},"6":{"name":"(anonymous_6)","decl":{"start":{"line":95,"column":2},"end":{"line":95,"column":3}},"loc":{"start":{"line":95,"column":93},"end":{"line":113,"column":3}},"line":95},"7":{"name":"(anonymous_7)","decl":{"start":{"line":118,"column":2},"end":{"line":118,"column":3}},"loc":{"start":{"line":118,"column":71},"end":{"line":126,"column":3}},"line":118},"8":{"name":"(anonymous_8)","decl":{"start":{"line":131,"column":2},"end":{"line":131,"column":3}},"loc":{"start":{"line":131,"column":75},"end":{"line":139,"column":3}},"line":131},"9":{"name":"(anonymous_9)","decl":{"start":{"line":144,"column":2},"end":{"line":144,"column":3}},"loc":{"start":{"line":144,"column":57},"end":{"line":154,"column":3}},"line":144},"10":{"name":"(anonymous_10)","decl":{"start":{"line":156,"column":2},"end":{"line":156,"column":3}},"loc":{"start":{"line":156,"column":90},"end":{"line":163,"column":3}},"line":156},"11":{"name":"(anonymous_11)","decl":{"start":{"line":168,"column":2},"end":{"line":168,"column":3}},"loc":{"start":{"line":168,"column":61},"end":{"line":175,"column":3}},"line":168},"12":{"name":"(anonymous_12)","decl":{"start":{"line":180,"column":2},"end":{"line":180,"column":3}},"loc":{"start":{"line":180,"column":51},"end":{"line":205,"column":3}},"line":180},"13":{"name":"(anonymous_13)","decl":{"start":{"line":211,"column":38},"end":{"line":211,"column":39}},"loc":{"start":{"line":215,"column":28},"end":{"line":226,"column":1}},"line":215},"14":{"name":"(anonymous_14)","decl":{"start":{"line":228,"column":31},"end":{"line":228,"column":32}},"loc":{"start":{"line":232,"column":28},"end":{"line":243,"column":1}},"line":232},"15":{"name":"(anonymous_15)","decl":{"start":{"line":245,"column":35},"end":{"line":245,"column":36}},"loc":{"start":{"line":249,"column":28},"end":{"line":260,"column":1}},"line":249}},"branchMap":{"0":{"loc":{"start":{"line":13,"column":2},"end":{"line":15,"column":3}},"type":"if","locations":[{"start":{"line":13,"column":2},"end":{"line":15,"column":3}},{"start":{},"end":{}}],"line":13},"1":{"loc":{"start":{"line":39,"column":6},"end":{"line":39,"column":64}},"type":"if","locations":[{"start":{"line":39,"column":6},"end":{"line":39,"column":64}},{"start":{},"end":{}}],"line":39},"2":{"loc":{"start":{"line":42,"column":4},"end":{"line":45,"column":5}},"type":"if","locations":[{"start":{"line":42,"column":4},"end":{"line":45,"column":5}},{"start":{},"end":{}}],"line":42},"3":{"loc":{"start":{"line":44,"column":6},"end":{"line":44,"column":57}},"type":"if","locations":[{"start":{"line":44,"column":6},"end":{"line":44,"column":57}},{"start":{},"end":{}}],"line":44},"4":{"loc":{"start":{"line":58,"column":6},"end":{"line":64,"column":7}},"type":"if","locations":[{"start":{"line":58,"column":6},"end":{"line":64,"column":7}},{"start":{"line":62,"column":13},"end":{"line":64,"column":7}}],"line":58},"5":{"loc":{"start":{"line":69,"column":23},"end":{"line":69,"column":63}},"type":"binary-expr","locations":[{"start":{"line":69,"column":23},"end":{"line":69,"column":34}},{"start":{"line":69,"column":38},"end":{"line":69,"column":63}}],"line":69},"6":{"loc":{"start":{"line":73,"column":6},"end":{"line":75,"column":7}},"type":"if","locations":[{"start":{"line":73,"column":6},"end":{"line":75,"column":7}},{"start":{},"end":{}}],"line":73},"7":{"loc":{"start":{"line":95,"column":58},"end":{"line":95,"column":74}},"type":"default-arg","locations":[{"start":{"line":95,"column":70},"end":{"line":95,"column":74}}],"line":95},"8":{"loc":{"start":{"line":98,"column":4},"end":{"line":100,"column":5}},"type":"if","locations":[{"start":{"line":98,"column":4},"end":{"line":100,"column":5}},{"start":{},"end":{}}],"line":98},"9":{"loc":{"start":{"line":98,"column":8},"end":{"line":98,"column":45}},"type":"binary-expr","locations":[{"start":{"line":98,"column":8},"end":{"line":98,"column":14}},{"start":{"lin
[...]
:288,"column":46},"end":{"line":288,"column":47}},"loc":{"start":{"line":296,"column":6},"end":{"line":307,"column":1}},"line":296},"7":{"name":"(anonymous_7)","decl":{"start":{"line":309,"column":35},"end":{"line":309,"column":36}},"loc":{"start":{"line":316,"column":6},"end":{"line":326,"column":1}},"line":316},"8":{"name":"(anonymous_8)","decl":{"start":{"line":329,"column":36},"end":{"line":329,"column":37}},"loc":{"start":{"line":329,"column":73},"end":{"line":331,"column":1}},"line":329},"9":{"name":"(anonymous_9)","decl":{"start":{"line":334,"column":35},"end":{"line":334,"column":36}},"loc":{"start":{"line":338,"column":8},"end":{"line":347,"column":1}},"line":338}},"branchMap":{"0":{"loc":{"start":{"line":28,"column":2},"end":{"line":32,"column":3}},"type":"if","locations":[{"start":{"line":28,"column":2},"end":{"line":32,"column":3}},{"start":{},"end":{}}],"line":28},"1":{"loc":{"start":{"line":29,"column":4},"end":{"line":31,"column":5}},"type":"if","locations":[{"start":{"line":29,"column":4},"end":{"line":31,"column":5}},{"start":{},"end":{}}],"line":29},"2":{"loc":{"start":{"line":34,"column":2},"end":{"line":40,"column":3}},"type":"if","locations":[{"start":{"line":34,"column":2},"end":{"line":40,"column":3}},{"start":{},"end":{}}],"line":34},"3":{"loc":{"start":{"line":35,"column":4},"end":{"line":39,"column":5}},"type":"if","locations":[{"start":{"line":35,"column":4},"end":{"line":39,"column":5}},{"start":{"line":37,"column":11},"end":{"line":39,"column":5}}],"line":35},"4":{"loc":{"start":{"line":37,"column":11},"end":{"line":39,"column":5}},"type":"if","locations":[{"start":{"line":37,"column":11},"end":{"line":39,"column":5}},{"start":{},"end":{}}],"line":37},"5":{"loc":{"start":{"line":42,"column":2},"end":{"line":48,"column":3}},"type":"if","locations":[{"start":{"line":42,"column":2},"end":{"line":48,"column":3}},{"start":{},"end":{}}],"line":42},"6":{"loc":{"start":{"line":43,"column":4},"end":{"line":47,"column":5}},"type":"if","locations":[{"start":{"line":43,"column":4},"end":{"line":47,"column":5}},{"start":{"line":45,"column":11},"end":{"line":47,"column":5}}],"line":43},"7":{"loc":{"start":{"line":45,"column":11},"end":{"line":47,"column":5}},"type":"if","locations":[{"start":{"line":45,"column":11},"end":{"line":47,"column":5}},{"start":{},"end":{}}],"line":45},"8":{"loc":{"start":{"line":50,"column":2},"end":{"line":52,"column":3}},"type":"if","locations":[{"start":{"line":50,"column":2},"end":{"line":52,"column":3}},{"start":{},"end":{}}],"line":50},"9":{"loc":{"start":{"line":50,"column":6},"end":{"line":50,"column":56}},"type":"binary-expr","locations":[{"start":{"line":50,"column":6},"end":{"line":50,"column":29}},{"start":{"line":50,"column":33},"end":{"line":50,"column":56}}],"line":50},"10":{"loc":{"start":{"line":54,"column":2},"end":{"line":60,"column":3}},"type":"if","locations":[{"start":{"line":54,"column":2},"end":{"line":60,"column":3}},{"start":{},"end":{}}],"line":54},"11":{"loc":{"start":{"line":54,"column":6},"end":{"line":54,"column":63}},"type":"binary-expr","locations":[{"start":{"line":54,"column":6},"end":{"line":54,"column":34}},{"start":{"line":54,"column":38},"end":{"line":54,"column":63}}],"line":54},"12":{"loc":{"start":{"line":82,"column":2},"end":{"line":84,"column":3}},"type":"if","locations":[{"start":{"line":82,"column":2},"end":{"line":84,"column":3}},{"start":{},"end":{}}],"line":82},"13":{"loc":{"start":{"line":86,"column":2},"end":{"line":90,"column":3}},"type":"if","locations":[{"start":{"line":86,"column":2},"end":{"line":90,"column":3}},{"start":{"line":88,"column":9},"end":{"line":90,"column":3}}],"line":86},"14":{"loc":{"start":{"line":88,"column":9},"end":{"line":90,"column":3}},"type":"if","locations":[{"start":{"line":88,"column":9},"end":{"line":90,"column":3}},{"start":{},"end":{}}],"line":88},"15":{"loc":{"start":{"line":92,"column":2},"end":{"line":96,"column":3}},"type":"if","locations":[{"start":{"line":92,"column":2},"end":{"line":96,"column":3}},{"start":{"line":94,"column":9},"end":{"line":96,"column":3}}],"line":92},"16":{"loc":{"start":{"line":94,"column":9},"end":{"line":96,"column":3}},"type":"if","locations":[{"start":{"line":94,"column":9},"end":{"line":96,"column":3}},{"start":{},"end":{}}],"line":94},"17":{"loc":{"start":{"line":98,"column":2},"end":{"line":102,"column":3}},"type":"if","locations":[{"start":{"line":98,"column":2},"end":{"line":102,"column":3}},{"start":{"line":100,"column":9},"end":{"line":102,"column":3}}],"line":98},"18":{"loc":{"start":{"line":100,"column":9},"end":{"line":102,"column":3}},"type":"if","locations":[{"start":{"line":100,"column":9},"end":{"line":102,"column":3}},{"start":{},"end":{}}],"line":100},"19":{"loc":{"start":{"line":104,"column":2},"end":{"line":108,"column":3}},"type":"if","locations":[{"start":{"line":104,"column":2},"end":{"line":108,"column":3}},{"start":{"line":106,"column":9},"end":{"line":108,"column":3}}],"line":104},"20":{"loc":{"start":{"line":106,"column":9},"end":{"line":108,"column":3}},"type":"if","locations":[{"start":{"line":106,"column":9},"end":{"line":108,"column":3}},{"start":{},"end":{}}],"line":106},"21":{"loc":{"start":{"line":110,"column":2},"end":{"line":114,"column":3}},"type":"if","locations":[{"start":{"line":110,"column":2},"end":{"line":114,"column":3}},{"start":{"line":112,"column":9},"end":{"line":114,"column":3}}],"line":110},"22":{"loc":{"start":{"line":112,"column":9},"end":{"line":114,"column":3}},"type":"if","locations":[{"start":{"line":112,"column":9},"end":{"line":114,"column":3}},{"start":{},"end":{}}],"line":112},"23":{"loc":{"start":{"line":116,"column":2},"end":{"line":120,"column":3}},"type":"if","locations":[{"start":{"line":116,"column":2},"end":{"line":120,"column":3}},{"start":{"line":118,"column":9},"end":{"line":120,"column":3}}],"line":116},"24":{"loc":{"start":{"line":118,"column":9},"end":{"line":120,"column":3}},"type":"if","locations":[{"start":{"line":118,"column":9},"end":{"line":120,"column":3}},{"start":{},"end":{}}],"line":118},"25":{"loc":{"start":{"line":122,"column":2},"end":{"line":124,"column":3}},"type":"if","locations":[{"start":{"line":122,"column":2},"end":{"line":124,"column":3}},{"start":{},"end":{}}],"line":122},"26":{"loc":{"start":{"line":122,"column":6},"end":{"line":122,"column":78}},"type":"binary-expr","locations":[{"start":{"line":122,"column":6},"end":{"line":122,"column":17}},{"start":{"line":122,"column":21},"end":{"line":122,"column":78}}],"line":122},"27":{"loc":{"start":{"line":144,"column":2},"end":{"line":146,"column":3}},"type":"if","locations":[{"start":{"line":144,"column":2},"end":{"line":146,"column":3}},{"start":{},"end":{}}],"line":144},"28":{"loc":{"start":{"line":144,"column":6},"end":{"line":144,"column":62}},"type":"binary-expr","locations":[{"start":{"line":144,"column":6},"end":{"line":144,"column":31}},{"start":{"line":144,"column":35},"end":{"line":144,"column":62}}],"line":144},"29":{"loc":{"start":{"line":148,"column":2},"end":{"line":150,"column":3}},"type":"if","locations":[{"start":{"line":148,"column":2},"end":{"line":150,"column":3}},{"start":{},"end":{}}],"line":148},"30":{"loc":{"start":{"line":148,"column":6},"end":{"line":148,"column":68}},"type":"binary-expr","locations":[{"start":{"line":148,"column":6},"end":{"line":148,"column":33}},{"start":{"line":148,"column":37},"end":{"line":148,"column":68}}],"line":148},"31":{"loc":{"start":{"line":152,"column":2},"end":{"line":156,"column":3}},"type":"if","locations":[{"start":{"line":152,"column":2},"end":{"line":156,"column":3}},{"start":{},"end":{}}],"line":152},"32":{"loc":{"start":{"line":152,"column":6},"end":{"line":152,"column":83}},"type":"binary-expr","locations":[{"start":{"line":152,"column":6},"end":{"line":152,"column":44}},{"start":{"line":152,"column":48},"end":{"line":152,"column":83}}],"line":152},"33":{"loc":{"start":{"line":153,"column":4},"end":{"line":155,"column":5}},"type":"if","locations":[{"start":{"line":153,"column":4},"end":{"line":155,"column":5}},{"start":{},"end":{}}],"line":153},"34":{"loc":{"start":{"line":158,"column":2},"end":{"line":160,"column":3}},"type":"if","locations":[{"start":{"line":158,"column":2},"end":{"line":160,"column":3}},{"start":{},"end":{}}],"line":158},"35":{"loc":{"start":{"line":158,"column":6},"end":{"line":158,"column":82}},"type":"binary-expr","locations":[{"start":{"line":158,"column":6},"end":{"line":158,"column":36}},{"start":{"line":158,"column":40},"end":{"line":158,"column":82}}],"line":158},"36":{"loc":{"start":{"line":162,"column":2},"end":{"line":164,"column":3}},"type":"if","locations":[{"start":{"line":162,"column":2},"end":{"line":164,"column":3}},{"start":{},"end":{}}],"line":162},"37":{"loc":{"start":{"line":162,"column":6},"end":{"line":162,"column":64}},"type":"binary-expr","locations":[{"start":{"line":162,"column":6},"end":{"line":162,"column":38}},{"start":{"line":162,"column":42},"end":{"line":162,"column":64}}],"line":162},"38":{"loc":{"start":{"line":166,"column":2},"end":{"line":168,"column":3}},"type":"if","locations":[{"start":{"line":166,"column":2},"end":{"line":168,"column":3}},{"start":{},"end":{}}],"line":166},"39":{"loc":{"start":{"line":166,"column":6},"end":{"line":166,"column":58}},"type":"binary-expr","locations":[{"start":{"line":166,"column":6},"end":{"line":166,"column":35}},{"start":{"line":166,"column":39},"end":{"line":166,"column":58}}],"line":166},"40":{"loc":{"start":{"line":170,"column":2},"end":{"line":172,"column":3}},"type":"if","locations":[{"start":{"line":170,"column":2},"end":{"line":172,"column":3}},{"start":{},"end":{}}],"line":170},"41":{"loc":{"start":{"line":170,"column":6},"end":{"line":170,"column":90}},"type":"binary-expr","locations":[{"start":{"line":170,"column":6},"end":{"line":170,"column":40}},{"start":{"line":170,"column":44},"end":{"line":170,"column":90}}],"line":170},"42":{"loc":{"start":{"line":191,"column":2},"end":{"line":193,"column":3}},"type":"if","locations":[{"start":{"line":191,"column":2},"end":{"line":193,"column":3}},{"start":{},"end":{}}],"line":191},"43":{"loc":{"start":{"line":195,"column":2},"end":{"line":197,"column":3}},"type":"if","locations":[{"start":{"line":195,"column":2},"end":{"line":197,"column":3}},{"start":{},"end":{}}],"line":195},"44":{"loc":{"start":{"line":199,"column":2},"end":{"line":203,"column":3}},"type":"if","locations":[{"start":{"line":199,"column":2},"end":{"line":203,"column":3}},{"start":{"line":201,"column":9},"end":{"line":203,"column":3}}],"line":199},"45":{"loc":{"start":{"line":201,"column":9},"end":{"line":203,"column":3}},"type":"if","locations":[{"start":{"line":201,"column":9},"end":{"line":203,"column":3}},{"start":{},"end":{}}],"line":201},"46":{"loc":{"start":{"line":205,"column":2},"end":{"line":210,"column":3}},"type":"if","locations":[{"start":{"line":205,"column":2},"end":{"line":210,"column":3}},{"start":{},"end":{}}],"line":205},"47":{"loc":{"start":{"line":207,"column":4},"end":{"line":209,"column":5}},"type":"if","locations":[{"start":{"line":207,"column":4},"end":{"line":209,"column":5}},{"start":{},"end":{}}],"line":207},"48":{"loc":{"start":{"line":212,"column":2},"end":{"line":218,"column":3}},"type":"if","locations":[{"start":{"line":212,"column":2},"end":{"line":218,"column":3}},{"start":{},"end":{}}],"line":212},"49":{"loc":{"start":{"line":212,"column":6},"end":{"line":212,"column":71}},"type":"binary-expr","locations":[{"start":{"line":212,"column":6},"end":{"line":212,"column":38}},{"start":{"line":212,"column":42},"end":{"line":212,"column":71}}],"line":212},"50":{"loc":{"start":{"line":235,"column":2},"end":{"line":242,"column":3}},"type":"if","locations":[{"start":{"line":235,"column":2},"end":{"line":242,"column":3}},{"start":{"line":237,"column":9},"end":{"line":242,"column":3}}],"line":235},"51":{"loc":{"start":{"line":239,"column":4},"end":{"line":241,"column":5}},"type":"if","locations":[{"start":{"line":239,"column":4},"end":{"line":241,"column":5}},{"start":{},"end":{}}],"line":239},"52":{"loc":{"start":{"line":244,"column":2},"end":{"line":248,"column":3}},"type":"if","locations":[{"start":{"line":244,"column":2},"end":{"line":248,"column":3}},{"start":{"line":246,"column":9},"end":{"line":248,"column":3}}],"line":244},"53":{"loc":{"start":{"line":246,"column":9},"end":{"line":248,"column":3}},"type":"if","locations":[{"start":{"line":246,"column":9},"end":{"line":248,"column":3}},{"start":{},"end":{}}],"line":246},"54":{"loc":{"start":{"line":250,"column":2},"end":{"line":252,"column":3}},"type":"if","locations":[{"start":{"line":250,"column":2},"end":{"line":252,"column":3}},{"start":{},"end":{}}],"line":250},"55":{"loc":{"start":{"line":250,"column":6},"end":{"line":250,"column":80}},"type":"binary-expr","locations":[{"start":{"line":250,"column":6},"end":{"line":250,"column":33}},{"start":{"line":250,"column":37},"end":{"line":250,"column":80}}],"line":250},"56":{"loc":{"start":{"line":254,"column":2},"end":{"line":262,"column":3}},"type":"if","locations":[{"start":{"line":254,"column":2},"end":{"line":262,"column":3}},{"start":{},"end":{}}],"line":254},"57":{"loc":{"start":{"line":259,"column":4},"end":{"line":261,"column":5}},"type":"if","locations":[{"start":{"line":259,"column":4},"end":{"line":261,"column":5}},{"start":{},"end":{}}],"line":259},"58":{"loc":{"start":{"line":280,"column":12},"end":{"line":280,"column":67}},"type":"cond-expr","locations":[{"start":{"line":280,"column":26},"end":{"line":280,"column":53}},{"start":{"line":280,"column":56},"end":{"line":280,"column":67}}],"line":280},"59":{"loc":{"start":{"line":281,"column":11},"end":{"line":281,"column":63}},"type":"cond-expr","locations":[{"start":{"line":281,"column":24},"end":{"line":281,"column":50}},{"start":{"line":281,"column":53},"end":{"line":281,"column":63}}],"line":281},"60":{"loc":{"start":{"line":282,"column":10},"end":{"line":282,"column":59}},"type":"cond-expr","locations":[{"start":{"line":282,"column":22},"end":{"line":282,"column":47}},{"start":{"line":282,"column":50},"end":{"line":282,"column":59}}],"line":282},"61":{"loc":{"start":{"line":283,"column":10},"end":{"line":283,"column":59}},"type":"cond-expr","locations":[{"start":{"line":283,"column":22},"end":{"line":283,"column":47}},{"start":{"line":283,"column":50},"end":{"line":283,"column":59}}],"line":283},"62":{"loc":{"start":{"line":284,"column":15},"end":{"line":284,"column":79}},"type":"cond-expr","locations":[{"start":{"line":284,"column":32},"end":{"line":284,"column":62}},{"start":{"line":284,"column":65},"end":{"line":284,"column":79}}],"line":284},"63":{"loc":{"start":{"line":299,"column":16},"end":{"line":299,"column":83}},"type":"cond-expr","locations":[{"start":{"line":299,"column":34},"end":{"line":299,"column":65}},{"start":{"line":299,"column":68},"end":{"line":299,"column":83}}],"line":299},"64":{"loc":{"start":{"line":300,"column":11},"end":{"line":300,"column":63}},"type":"cond-expr","locations":[{"start":{"line":300,"column":24},"end":{"line":300,"column":50}},{"start":{"line":300,"column":53},"end":{"line":300,"column":63}}],"line":300},"65":{"loc":{"start":{"line":301,"column":17},"end":{"line":301,"column":87}},"type":"cond-expr","locations":[{"start":{"line":301,"column":36},"end":{"line":301,"column":68}},{"start":{"line":301,"column":71},"end":{"line":301,"column":87}}],"line":301},"66":{"loc":{"start":{"line":302,"column":14},"end":{"line":302,"column":75}},"type":"cond-expr","locations":[{"start":{"line":302,"column":30},"end":{"line":302,"column":59}},{"start":{"line":302,"column":62},"end":{"line":302,"column":75}}],"line":302},"67":{"loc":{"start":{"line":303,"column":10},"end":{"line":303,"column":59}},"type":"cond-expr","locations":[{"start":{"line":303,"column":22},"end":{"line":303,"column":47}},{"start":{"line":303,"column":50},"end":{"line":303,"column":59}}],"line":303},"68":{"loc":{"start":{"line":304,"column":11},"end":{"line":304,"column":63}},"type":"cond-expr","locations":[{"start":{"line":304,"column":24},"end":{"line":304,"column":50}},{"start":{"line":304,"column":53},"end":{"line":304,"column":63}}],"line":304},"69":{"loc":{"start":{"line":305,"column":15},"end":{"line":305,"column":79}},"type":"cond-expr","locations":[{"start":{"line":305,"column":32},"end":{"line":305,"column":62}},{"start":{"line":305,"column":65},"end":{"line":305,"column":79}}],"line":305},"70":{"loc":{"start":{"line":319,"column":14},"end":{"line":319,"column":75}},"type":"cond-expr","locations":[{"start":{"line":319,"column":30},"end":{"line":319,"column":59}},{"start":{"line":319,"column":62},"end":{"line":319,"column":75}}],"line":319},"71":{"loc":{"start":{"line":320,"column":17},"end":{"line":320,"column":87}},"type":"cond-expr","locations":[{"start":{"line":320,"column":36},"end":{"line":320,"column":68}},{"start":{"line":320,"column":71},"end":{"line":320,"column":87}}],"line":320},"72":{"loc":{"start":{"line":321,"column":13},"end":{"line":321,"column":71}},"type":"cond-expr","locations":[{"start":{"line":321,"column":28},"end":{"line":321,"column":56}},{"start":{"line":321,"column":59},"end":{"line":321,"column":71}}],"line":321},"73":{"loc":{"start":{"line":322,"column":17},"end":{"line":322,"column":87}},"type":"cond-expr","locations":[{"start":{"line":322,"column":36},"end":{"line":322,"column":68}},{"start":{"line":322,"column":71},"end":{"line":322,"column":87}}],"line":322},"74":{"loc":{"start":{"line":323,"column":19},"end":{"line":323,"column":95}},"type":"cond-expr","locations":[{"start":{"line":323,"column":40},"end":{"line":323,"column":74}},{"start":{"line":323,"column":77},"end":{"line":323,"column":95}}],"line":323},"75":{"loc":{"start":{"line":324,"column":16},"end":{"line":324,"column":83}},"type":"cond-expr","locations":[{"start":{"line":324,"column":34},"end":{"line":324,"column":65}},{"start":{"line":324,"column":68},"end":{"line":324,"column":83}}],"line":324},"76":{"loc":{"start":{"line":342,"column":2},"end":{"line":344,"column":3}},"type":"if","locations":[{"start":{"line":342,"column":2},"end":{"line":344,"column":3}},{"start":{},"end":{}}],"line":342}},"s":{"0":1,"1":9,"2":9,"3":3,"4":1,"5":9,"6":5,"7":1,"8":4,"9":2,"10":9,"11":4,"12":1,"13":3,"14":1,"15":9,"16":1,"17":9,"18":2,"19":2,"20":1,"21":9,"22":1,"23":4,"24":4,"25":1,"26":4,"27":1,"28":3,"29":0,"30":4,"31":1,"32":3,"33":0,"34":4,"35":1,"36":3,"37":1,"38":4,"39":1,"40":3,"41":0,"42":4,"43":1,"44":3,"45":0,"46":4,"47":1,"48":3,"49":0,"50":4,"51":1,"52":4,"53":1,"54":5,"55":5,"56":1,"57":5,"58":0,"59":5,"60":2,"61":1,"62":5,"63":1,"64":5,"65":1,"66":5,"67":1,"68":5,"69":1,"70":5,"71":1,"72":4,"73":4,"74":1,"75":4,"76":1,"77":4,"78":1,"79":3,"80":0,"81":4,"82":2,"83":2,"84":1,"85":4,"86":1,"87":1,"88":1,"89":4,"90":1,"91":4,"92":4,"93":0,"94":4,"95":4,"96":1,"97":4,"98":0,"99":4,"100":0,"101":4,"102":1,"103":4,"104":2,"105":2,"106":1,"107":4,"108":1,"109":3,"110":1,"111":1,"112":1,"113":1,"114":1,"115":2,"116":1,"117":2,"118":2,"119":2,"120":1,"121":1},"f":{"0":9,"1":4,"2":5,"3":4,"4":4,"5":3,"6":1,"7":1,"8":2,"9":2},"b":{"0":[3,6],"1":[1,2],"2":[5,4],"3":[1,4],"4":[2,2],"5":[4,5],"6":[1,3],"7":[1,2],"8":[1,8],"9":[9,3],"10":[2,7],"11":[9,2],"12":[1,3],"13":[1,3],"14":[0,3],"15":[1,3],"16":[0,3],"17":[1,3],"18":[1,2],"19":[1,3],"20":[0,3],"21":[1,3],"22":[0,3],"23":[1,3],"24":[0,3],"25":[1,3],"26":[4,1],"27":[1,4],"28":[5,2],"29":[0,5],"30":[5,1],"31":[2,3],"32":[5,2],"33":[1,1],"34":[1,4],"35":[5,1],"36":[1,4],"37":[5,2],"38":[1,4],"39":[5,1],"40":[1,4],"41":[5,1],"42":[1,3],"43":[1,3],"44":[1,3],"45":[0,3],"46":[2,2],"47":[1,1],"48":[1,3],"49":[4,1],"50":[0,4],"51":[1,3],"52":[0,4],"53":[0,4],"54":[1,3],"55":[4,2],"56":[2,2],"57":[1,1],"58":[1,2],"59":[3,0],"60":[2,1],"61":[1,2],"62":[0,3],"63":[0,1],"64":[1,0],"65":[1,0],"66":[0,1],"67":[0,1],"68":[0,1],"69":[0,1],"70":[0,1],"71":[0,1],"72":[1,0],"73":[0,1],"74":[0,1],"75":[0,1],"76":[1,1]},"_coverageSchema":"1a1c01bbd47fc00a2c39e90264f33305004495a9","hash":"fd0a3a442ea4a797e2f0de55ce81e36ccf9881d8"}
}
