TN:
SF:src/__tests__/security/rls/helpers.ts
FN:37,createTestLandlord
FN:85,createTestTenant
FN:130,createTestProperty
FN:164,linkTenantToProperty
FN:186,createTestMaintenanceRequest
FN:221,assertCannotAccess
FN:249,assertCanAccess
FN:272,assertCannotInsert
FN:293,assertCannotUpdate
FN:316,assertCannotDelete
FN:338,cleanupTestUser
FN:352,createMockJWT
FN:373,wait
FN:374,(anonymous_13)
FN:380,getVisibleRecordCount
FNF:15
FNH:4
FNDA:10,createTestLandlord
FNDA:1,createTestTenant
FNDA:0,createTestProperty
FNDA:0,linkTenantToProperty
FNDA:0,createTestMaintenanceRequest
FNDA:0,assertCannotAccess
FNDA:0,assertCanAccess
FNDA:0,assertCannotInsert
FNDA:0,assertCannotUpdate
FNDA:0,assertCannotDelete
FNDA:11,cleanupTestUser
FNDA:11,createMockJWT
FNDA:0,wait
FNDA:0,(anonymous_13)
FNDA:0,getVisibleRecordCount
DA:38,10
DA:39,10
DA:42,10
DA:45,10
DA:58,10
DA:69,10
DA:70,10
DA:73,0
DA:86,1
DA:87,1
DA:89,1
DA:91,1
DA:103,1
DA:114,1
DA:115,1
DA:118,0
DA:134,0
DA:135,0
DA:138,0
DA:148,0
DA:154,0
DA:155,0
DA:158,0
DA:169,0
DA:178,0
DA:179,0
DA:191,0
DA:192,0
DA:195,0
DA:205,0
DA:211,0
DA:212,0
DA:215,0
DA:227,0
DA:233,0
DA:234,0
DA:255,0
DA:261,0
DA:262,0
DA:278,0
DA:280,0
DA:281,0
DA:300,0
DA:305,0
DA:306,0
DA:322,0
DA:327,0
DA:328,0
DA:341,11
DA:345,0
DA:355,11
DA:356,11
DA:365,11
DA:367,11
DA:374,0
DA:384,0
DA:386,0
DA:387,0
DA:390,0
LF:59
LH:19
BRDA:38,0,0,10
BRDA:38,0,1,10
BRDA:46,1,0,10
BRDA:46,1,1,0
BRDA:47,2,0,10
BRDA:47,2,1,10
BRDA:69,3,0,10
BRDA:69,3,1,0
BRDA:86,4,0,1
BRDA:86,4,1,1
BRDA:92,5,0,1
BRDA:92,5,1,0
BRDA:93,6,0,1
BRDA:93,6,1,1
BRDA:114,7,0,1
BRDA:114,7,1,0
BRDA:134,8,0,0
BRDA:134,8,1,0
BRDA:154,9,0,0
BRDA:154,9,1,0
BRDA:178,10,0,0
BRDA:178,10,1,0
BRDA:191,11,0,0
BRDA:191,11,1,0
BRDA:211,12,0,0
BRDA:211,12,1,0
BRDA:233,13,0,0
BRDA:233,13,1,0
BRDA:235,14,0,0
BRDA:235,14,1,0
BRDA:261,15,0,0
BRDA:261,15,1,0
BRDA:261,16,0,0
BRDA:261,16,1,0
BRDA:263,17,0,0
BRDA:263,17,1,0
BRDA:280,18,0,0
BRDA:280,18,1,0
BRDA:282,19,0,0
BRDA:282,19,1,0
BRDA:305,20,0,0
BRDA:305,20,1,0
BRDA:307,21,0,0
BRDA:307,21,1,0
BRDA:327,22,0,0
BRDA:327,22,1,0
BRDA:329,23,0,0
BRDA:329,23,1,0
BRDA:386,24,0,0
BRDA:386,24,1,0
BRDA:390,25,0,0
BRDA:390,25,1,0
BRF:52
BRH:12
end_of_record
TN:
SF:src/components/shared/Button.tsx
FN:20,Button
FN:36,(anonymous_1)
FN:80,(anonymous_2)
FN:91,(anonymous_3)
FN:102,(anonymous_4)
FNF:5
FNH:3
FNDA:22,Button
FNDA:1,(anonymous_1)
FNDA:0,(anonymous_2)
FNDA:0,(anonymous_3)
FNDA:22,(anonymous_4)
DA:34,22
DA:36,22
DA:37,1
DA:38,1
DA:39,1
DA:43,22
DA:51,22
DA:59,22
DA:80,22
DA:81,0
DA:82,0
DA:91,22
DA:92,0
DA:93,0
DA:102,22
DA:103,22
DA:134,22
DA:148,22
DA:149,0
DA:164,22
LF:20
LH:15
BRDA:23,0,0,17
BRDA:24,1,0,19
BRDA:28,2,0,20
BRDA:29,3,0,20
BRDA:30,4,0,21
BRDA:31,5,0,21
BRDA:32,6,0,21
BRDA:38,7,0,1
BRDA:38,7,1,0
BRDA:38,8,0,1
BRDA:38,8,1,1
BRDA:38,8,2,1
BRDA:81,9,0,0
BRDA:81,9,1,0
BRDA:81,10,0,0
BRDA:81,10,1,0
BRDA:92,11,0,0
BRDA:92,11,1,0
BRDA:92,12,0,0
BRDA:92,12,1,0
BRDA:104,13,0,22
BRDA:104,13,1,2
BRDA:108,14,0,2
BRDA:108,14,1,0
BRDA:108,15,0,2
BRDA:108,15,1,2
BRDA:111,16,0,22
BRDA:111,16,1,1
BRDA:111,16,2,1
BRDA:112,17,0,1
BRDA:112,17,1,0
BRDA:116,18,0,22
BRDA:116,18,1,22
BRDA:142,19,0,2
BRDA:142,19,1,20
BRDA:143,20,0,1
BRDA:143,20,1,21
BRDA:148,21,0,0
BRDA:148,21,1,22
BRDA:153,22,0,0
BRDA:153,22,1,0
BRDA:155,23,0,0
BRDA:155,23,1,0
BRDA:167,24,0,1
BRDA:167,24,1,21
BRDA:170,25,0,18
BRDA:170,25,1,4
BRDA:174,26,0,22
BRDA:174,26,1,20
BRDA:176,27,0,22
BRDA:176,27,1,21
BRF:51
BRH:35
end_of_record
TN:
SF:src/components/shared/Card.tsx
FN:13,Card
FNF:1
FNH:1
FNDA:11,Card
DA:21,11
DA:28,11
LF:2
LH:2
BRDA:16,0,0,9
BRDA:17,1,0,9
BRDA:18,2,0,9
BRF:3
BRH:3
end_of_record
TN:
SF:src/lib/log.ts
FN:57,hashValue
FN:64,maskEmail
FN:73,maskString
FN:81,isSensitiveField
FN:82,(anonymous_4)
FN:85,isHashField
FN:86,(anonymous_6)
FN:89,isMaskField
FN:90,(anonymous_8)
FN:96,sanitizeValue
FN:136,(anonymous_10)
FN:145,sanitizeObject
FN:166,sanitizeArgs
FN:167,(anonymous_13)
FN:178,sendToLoggingService
FN:187,(anonymous_15)
FN:192,(anonymous_16)
FN:197,(anonymous_17)
FNF:18
FNH:18
FNDA:1,hashValue
FNDA:5,maskEmail
FNDA:2,maskString
FNDA:52,isSensitiveField
FNDA:468,(anonymous_4)
FNDA:30,isHashField
FNDA:79,(anonymous_6)
FNDA:24,isMaskField
FNDA:91,(anonymous_8)
FNDA:55,sanitizeValue
FNDA:2,(anonymous_10)
FNDA:29,sanitizeObject
FNDA:22,sanitizeArgs
FNDA:43,(anonymous_13)
FNDA:22,sendToLoggingService
FNDA:19,(anonymous_15)
FNDA:2,(anonymous_16)
FNDA:1,(anonymous_17)
DA:17,3
DA:34,3
DA:41,3
DA:49,3
DA:58,1
DA:65,5
DA:66,5
DA:67,5
DA:74,2
DA:75,2
DA:82,468
DA:86,79
DA:90,91
DA:97,55
DA:98,3
DA:102,52
DA:103,22
DA:107,30
DA:109,6
DA:110,5
DA:112,1
DA:116,24
DA:117,2
DA:121,22
DA:122,11
DA:123,21
DA:124,1
DA:130,21
DA:131,8
DA:135,13
DA:136,2
DA:139,12
DA:146,29
DA:148,29
DA:149,29
DA:150,29
DA:151,28
DA:153,28
DA:154,28
DA:155,53
DA:157,28
DA:159,0
DA:167,22
DA:168,43
DA:169,21
DA:171,22
DA:186,3
DA:188,19
DA:189,19
DA:190,19
DA:193,2
DA:194,2
DA:195,2
DA:198,1
DA:199,1
DA:200,1
LF:56
LH:55
BRDA:66,0,0,0
BRDA:66,0,1,5
BRDA:74,1,0,0
BRDA:74,1,1,2
BRDA:96,2,0,0
BRDA:97,3,0,3
BRDA:97,3,1,52
BRDA:97,4,0,55
BRDA:97,4,1,53
BRDA:102,5,0,22
BRDA:102,5,1,30
BRDA:107,6,0,6
BRDA:107,6,1,24
BRDA:107,7,0,30
BRDA:107,7,1,6
BRDA:109,8,0,5
BRDA:109,8,1,1
BRDA:109,9,0,6
BRDA:109,9,1,5
BRDA:116,10,0,2
BRDA:116,10,1,22
BRDA:116,11,0,24
BRDA:116,11,1,2
BRDA:121,12,0,11
BRDA:121,12,1,11
BRDA:123,13,0,1
BRDA:123,13,1,20
BRDA:130,14,0,8
BRDA:130,14,1,13
BRDA:130,15,0,21
BRDA:130,15,1,9
BRDA:135,16,0,1
BRDA:135,16,1,12
BRDA:145,17,0,21
BRDA:148,18,0,0
BRDA:148,18,1,29
BRDA:149,19,0,21
BRDA:149,19,1,8
BRDA:150,20,0,1
BRDA:150,20,1,28
BRDA:168,21,0,21
BRDA:168,21,1,22
BRDA:168,22,0,43
BRDA:168,22,1,43
BRDA:168,22,2,21
BRF:45
BRH:41
end_of_record
TN:
SF:src/lib/rest.ts
FN:6,authHeaders
FN:13,restGet
FN:20,restInsert
FN:26,restPatch
FN:33,restDelete
FNF:5
FNH:5
FNDA:14,authHeaders
FNDA:7,restGet
FNDA:2,restInsert
FNDA:2,restPatch
FNDA:3,restDelete
DA:1,2
DA:2,2
DA:7,14
DA:8,14
DA:9,14
DA:10,13
DA:14,7
DA:15,6
DA:16,6
DA:17,5
DA:18,4
DA:21,2
DA:22,2
DA:23,2
DA:24,1
DA:27,2
DA:28,2
DA:29,2
DA:30,2
DA:31,1
DA:34,3
DA:35,3
DA:36,3
DA:37,3
DA:39,2
DA:40,2
DA:41,1
LF:27
LH:27
BRDA:7,0,0,0
BRDA:7,0,1,14
BRDA:9,1,0,1
BRDA:9,1,1,13
BRDA:17,2,0,1
BRDA:17,2,1,4
BRDA:23,3,0,1
BRDA:23,3,1,1
BRDA:30,4,0,1
BRDA:30,4,1,1
BRDA:37,5,0,1
BRDA:37,5,1,2
BRDA:40,6,0,1
BRDA:40,6,1,1
BRF:14
BRH:13
end_of_record
TN:
SF:src/services/storage/PropertyDraftService.ts
FN:18,(anonymous_0)
FN:25,(anonymous_1)
FN:32,(anonymous_2)
FN:71,(anonymous_3)
FN:104,(anonymous_4)
FN:152,(anonymous_5)
FN:177,(anonymous_6)
FN:190,(anonymous_7)
FN:207,(anonymous_8)
FN:220,(anonymous_9)
FN:246,(anonymous_10)
FN:305,(anonymous_11)
FN:328,(anonymous_12)
FN:358,(anonymous_13)
FN:379,(anonymous_14)
FN:387,(anonymous_15)
FN:395,(anonymous_16)
FN:419,(anonymous_17)
FNF:18
FNH:10
FNDA:5,(anonymous_0)
FNDA:4,(anonymous_1)
FNDA:2,(anonymous_2)
FNDA:0,(anonymous_3)
FNDA:3,(anonymous_4)
FNDA:3,(anonymous_5)
FNDA:0,(anonymous_6)
FNDA:1,(anonymous_7)
FNDA:2,(anonymous_8)
FNDA:0,(anonymous_9)
FNDA:3,(anonymous_10)
FNDA:0,(anonymous_11)
FNDA:0,(anonymous_12)
FNDA:1,(anonymous_13)
FNDA:1,(anonymous_14)
FNDA:0,(anonymous_15)
FNDA:0,(anonymous_16)
FNDA:0,(anonymous_17)
DA:10,1
DA:11,1
DA:12,1
DA:13,1
DA:19,5
DA:26,4
DA:36,2
DA:37,1
DA:40,1
DA:41,1
DA:44,1
DA:52,1
DA:53,1
DA:56,0
DA:57,0
DA:58,0
DA:59,0
DA:62,0
DA:65,0
DA:71,0
DA:77,0
DA:78,0
DA:79,0
DA:81,0
DA:82,0
DA:85,0
DA:90,1
DA:93,1
DA:96,0
DA:97,0
DA:108,3
DA:109,0
DA:112,3
DA:113,3
DA:114,3
DA:116,3
DA:117,1
DA:120,2
DA:123,2
DA:124,1
DA:125,1
DA:129,1
DA:130,0
DA:131,0
DA:132,0
DA:133,0
DA:138,1
DA:144,0
DA:145,0
DA:153,3
DA:154,1
DA:157,2
DA:158,2
DA:159,2
DA:161,2
DA:162,2
DA:165,0
DA:166,0
DA:169,0
DA:170,0
DA:171,0
DA:172,0
DA:177,0
DA:178,0
DA:182,0
DA:183,0
DA:191,1
DA:192,0
DA:195,1
DA:196,1
DA:199,1
DA:202,1
DA:203,1
DA:205,1
DA:206,1
DA:207,2
DA:208,1
DA:212,0
DA:213,0
DA:221,0
DA:222,0
DA:225,0
DA:226,0
DA:229,0
DA:230,0
DA:234,0
DA:235,0
DA:238,0
DA:239,0
DA:252,3
DA:253,3
DA:256,3
DA:257,3
DA:259,3
DA:260,0
DA:264,3
DA:265,2
DA:267,3
DA:268,0
DA:270,3
DA:271,0
DA:274,3
DA:306,0
DA:307,0
DA:308,0
DA:311,0
DA:312,0
DA:316,0
DA:317,0
DA:319,0
DA:321,0
DA:332,0
DA:333,0
DA:334,0
DA:336,0
DA:337,0
DA:338,0
DA:339,0
DA:340,0
DA:344,0
DA:350,0
DA:351,0
DA:359,1
DA:361,1
DA:362,1
DA:363,1
DA:366,1
DA:367,1
DA:370,1
DA:372,0
DA:380,1
DA:381,1
DA:383,1
DA:385,1
DA:387,0
DA:388,0
DA:391,0
DA:392,0
DA:393,1
DA:395,0
DA:396,0
DA:400,0
DA:404,1
DA:405,0
DA:408,1
DA:409,0
DA:412,0
DA:420,0
DA:421,0
DA:425,0
DA:427,0
DA:429,0
DA:456,0
DA:457,0
LF:154
LH:68
BRDA:36,0,0,1
BRDA:36,0,1,1
BRDA:56,1,0,0
BRDA:56,1,1,0
BRDA:57,2,0,0
BRDA:57,2,1,0
BRDA:58,3,0,0
BRDA:58,3,1,0
BRDA:58,4,0,0
BRDA:58,4,1,0
BRDA:108,5,0,0
BRDA:108,5,1,3
BRDA:108,6,0,3
BRDA:108,6,1,3
BRDA:116,7,0,1
BRDA:116,7,1,2
BRDA:123,8,0,1
BRDA:123,8,1,1
BRDA:129,9,0,0
BRDA:129,9,1,1
BRDA:131,10,0,0
BRDA:131,10,1,0
BRDA:153,11,0,1
BRDA:153,11,1,2
BRDA:161,12,0,2
BRDA:161,12,1,0
BRDA:171,13,0,0
BRDA:171,13,1,0
BRDA:191,14,0,0
BRDA:191,14,1,1
BRDA:191,15,0,1
BRDA:191,15,1,1
BRDA:205,16,0,1
BRDA:205,16,1,0
BRDA:221,17,0,0
BRDA:221,17,1,0
BRDA:248,18,0,3
BRDA:249,19,0,3
BRDA:250,20,0,3
BRDA:259,21,0,0
BRDA:259,21,1,3
BRDA:264,22,0,2
BRDA:264,22,1,1
BRDA:264,23,0,3
BRDA:264,23,1,2
BRDA:264,23,2,2
BRDA:267,24,0,0
BRDA:267,24,1,3
BRDA:270,25,0,0
BRDA:270,25,1,3
BRDA:276,26,0,0
BRDA:276,26,1,3
BRDA:276,27,0,0
BRDA:276,27,1,3
BRDA:339,28,0,0
BRDA:339,28,1,0
BRDA:363,29,0,0
BRDA:363,29,1,1
BRDA:366,30,0,1
BRDA:366,30,1,0
BRDA:379,31,0,1
BRDA:385,32,0,0
BRDA:385,32,1,1
BRDA:393,33,0,0
BRDA:393,33,1,1
BRDA:408,34,0,0
BRDA:408,34,1,1
BRDA:420,35,0,0
BRDA:420,35,1,0
BRDA:420,36,0,0
BRDA:420,36,1,0
BRDA:430,37,0,0
BRDA:430,37,1,0
BRDA:431,38,0,0
BRDA:431,38,1,0
BRDA:432,39,0,0
BRDA:432,39,1,0
BRDA:433,40,0,0
BRDA:433,40,1,0
BRDA:434,41,0,0
BRDA:434,41,1,0
BRDA:452,42,0,0
BRDA:452,42,1,0
BRDA:453,43,0,0
BRDA:453,43,1,0
BRF:85
BRH:36
end_of_record
TN:
SF:src/services/supabase/storage.ts
FN:8,setStorageSupabaseClient
FN:12,requireClient
FN:36,(anonymous_2)
FN:51,(anonymous_3)
FN:87,(anonymous_4)
FN:88,(anonymous_5)
FN:95,(anonymous_6)
FN:118,(anonymous_7)
FN:131,(anonymous_8)
FN:144,(anonymous_9)
FN:156,(anonymous_10)
FN:168,(anonymous_11)
FN:180,(anonymous_12)
FN:211,(anonymous_13)
FN:228,(anonymous_14)
FN:245,(anonymous_15)
FNF:16
FNH:2
FNDA:0,setStorageSupabaseClient
FNDA:1,requireClient
FNDA:0,(anonymous_2)
FNDA:0,(anonymous_3)
FNDA:0,(anonymous_4)
FNDA:0,(anonymous_5)
FNDA:1,(anonymous_6)
FNDA:0,(anonymous_7)
FNDA:0,(anonymous_8)
FNDA:0,(anonymous_9)
FNDA:0,(anonymous_10)
FNDA:0,(anonymous_11)
FNDA:0,(anonymous_12)
FNDA:0,(anonymous_13)
FNDA:0,(anonymous_14)
FNDA:0,(anonymous_15)
DA:6,1
DA:9,0
DA:13,1
DA:14,1
DA:16,0
DA:33,1
DA:34,1
DA:38,0
DA:39,0
DA:42,0
DA:43,0
DA:44,0
DA:46,0
DA:52,0
DA:54,0
DA:58,0
DA:60,0
DA:61,0
DA:63,0
DA:66,0
DA:73,0
DA:74,0
DA:77,0
DA:79,0
DA:80,0
DA:88,0
DA:89,0
DA:96,1
DA:97,1
DA:98,1
DA:99,0
DA:101,1
DA:105,0
DA:106,0
DA:108,0
DA:112,0
DA:119,0
DA:123,0
DA:124,0
DA:132,0
DA:136,0
DA:137,0
DA:145,0
DA:149,0
DA:150,0
DA:153,0
DA:157,0
DA:158,0
DA:159,0
DA:161,0
DA:169,0
DA:170,0
DA:171,0
DA:172,0
DA:174,0
DA:181,0
DA:183,0
DA:204,0
DA:208,1
DA:211,1
DA:216,0
DA:221,0
DA:228,1
DA:233,0
DA:238,0
DA:245,1
DA:250,0
DA:255,0
LF:68
LH:13
BRDA:13,0,0,1
BRDA:13,0,1,0
BRDA:39,1,0,0
BRDA:39,1,1,0
BRDA:42,2,0,0
BRDA:42,2,1,0
BRDA:44,3,0,0
BRDA:44,3,1,0
BRDA:58,4,0,0
BRDA:58,4,1,0
BRDA:69,5,0,0
BRDA:69,5,1,0
BRDA:73,6,0,0
BRDA:73,6,1,0
BRDA:95,7,0,0
BRDA:98,8,0,0
BRDA:98,8,1,1
BRDA:98,9,0,1
BRDA:98,9,1,0
BRDA:105,10,0,0
BRDA:105,10,1,0
BRDA:123,11,0,0
BRDA:123,11,1,0
BRDA:136,12,0,0
BRDA:136,12,1,0
BRDA:149,13,0,0
BRDA:149,13,1,0
BRDA:157,14,0,0
BRDA:157,14,1,0
BRDA:204,15,0,0
BRDA:204,15,1,0
BRDA:204,16,0,0
BRDA:204,16,1,0
BRF:33
BRH:3
end_of_record
TN:
SF:src/theme/DesignSystem.ts
FN:109,(anonymous_0)
FNF:1
FNH:0
FNDA:0,(anonymous_0)
DA:1,2
DA:109,2
DA:110,0
DA:118,0
LF:4
LH:2
BRF:0
BRH:0
end_of_record
TN:
SF:src/utils/addressConstants.ts
FN:93,(anonymous_0)
FNF:1
FNH:1
FNDA:51,(anonymous_0)
DA:3,1
DA:58,1
DA:73,1
DA:93,51
LF:4
LH:4
BRF:0
BRH:0
end_of_record
TN:
SF:src/utils/addressValidation.ts
FN:14,(anonymous_0)
FN:78,(anonymous_1)
FN:90,(anonymous_2)
FN:94,(anonymous_3)
FN:97,(anonymous_4)
FN:101,(anonymous_5)
FN:102,(anonymous_6)
FN:108,(anonymous_7)
FN:109,(anonymous_8)
FN:135,(anonymous_9)
FN:166,(anonymous_10)
FN:177,(anonymous_11)
FNF:12
FNH:12
FNDA:12,(anonymous_0)
FNDA:15,(anonymous_1)
FNDA:14,(anonymous_2)
FNDA:20,(anonymous_3)
FNDA:15,(anonymous_4)
FNDA:45,(anonymous_5)
FNDA:14,(anonymous_6)
FNDA:6,(anonymous_7)
FNDA:14,(anonymous_8)
FNDA:4,(anonymous_9)
FNDA:3,(anonymous_10)
FNDA:12,(anonymous_11)
DA:14,1
DA:15,12
DA:18,12
DA:19,1
DA:21,11
DA:22,11
DA:23,0
DA:24,11
DA:25,0
DA:26,11
DA:27,1
DA:32,12
DA:33,0
DA:37,12
DA:38,1
DA:40,11
DA:41,11
DA:42,0
DA:43,11
DA:44,0
DA:45,11
DA:46,1
DA:51,12
DA:52,1
DA:54,11
DA:55,11
DA:56,1
DA:61,12
DA:62,1
DA:64,11
DA:65,11
DA:66,1
DA:70,12
DA:78,1
DA:80,15
DA:83,15
DA:84,4
DA:87,11
DA:90,1
DA:91,14
DA:94,20
DA:97,1
DA:98,15
DA:101,45
DA:103,14
DA:108,1
DA:109,14
DA:111,6
DA:113,4
DA:114,4
DA:115,4
DA:118,4
DA:120,4
DA:121,3
DA:131,3
DA:135,1
DA:137,4
DA:138,1
DA:142,3
DA:143,2
DA:144,2
DA:155,1
DA:166,1
DA:167,3
DA:174,3
DA:177,1
DA:181,12
DA:184,12
DA:185,10
DA:188,12
DA:189,10
DA:192,12
DA:193,10
DA:196,12
DA:197,10
DA:201,12
DA:208,12
LF:77
LH:72
BRDA:18,0,0,1
BRDA:18,0,1,11
BRDA:22,1,0,0
BRDA:22,1,1,11
BRDA:24,2,0,0
BRDA:24,2,1,11
BRDA:26,3,0,1
BRDA:26,3,1,10
BRDA:32,4,0,0
BRDA:32,4,1,12
BRDA:32,5,0,12
BRDA:32,5,1,1
BRDA:37,6,0,1
BRDA:37,6,1,11
BRDA:41,7,0,0
BRDA:41,7,1,11
BRDA:43,8,0,0
BRDA:43,8,1,11
BRDA:45,9,0,1
BRDA:45,9,1,10
BRDA:51,10,0,1
BRDA:51,10,1,11
BRDA:55,11,0,1
BRDA:55,11,1,10
BRDA:61,12,0,1
BRDA:61,12,1,11
BRDA:65,13,0,1
BRDA:65,13,1,10
BRDA:83,14,0,4
BRDA:83,14,1,11
BRDA:111,15,0,4
BRDA:111,15,1,2
BRDA:120,16,0,3
BRDA:120,16,1,1
BRDA:137,17,0,1
BRDA:137,17,1,3
BRDA:137,18,0,4
BRDA:137,18,1,2
BRDA:142,19,0,2
BRDA:142,19,1,1
BRDA:145,20,0,2
BRDA:145,20,1,1
BRDA:146,21,0,2
BRDA:146,21,1,2
BRDA:147,22,0,2
BRDA:147,22,1,1
BRDA:148,23,0,2
BRDA:148,23,1,1
BRDA:149,24,0,2
BRDA:149,24,1,1
BRDA:171,25,0,2
BRDA:171,25,1,1
BRDA:171,26,0,3
BRDA:171,26,1,2
BRDA:184,27,0,10
BRDA:184,27,1,2
BRDA:184,28,0,12
BRDA:184,28,1,11
BRDA:188,29,0,10
BRDA:188,29,1,2
BRDA:188,30,0,12
BRDA:188,30,1,11
BRDA:192,31,0,10
BRDA:192,31,1,2
BRDA:192,32,0,12
BRDA:192,32,1,11
BRDA:196,33,0,10
BRDA:196,33,1,2
BRDA:196,34,0,12
BRDA:196,34,1,11
BRDA:202,35,0,12
BRDA:202,35,1,2
BRDA:203,36,0,12
BRDA:203,36,1,12
BRDA:204,37,0,12
BRDA:204,37,1,2
BRDA:205,38,0,12
BRDA:205,38,1,2
BRDA:205,39,0,12
BRDA:205,39,1,2
BRDA:210,40,0,12
BRDA:210,40,1,0
BRF:82
BRH:76
end_of_record
TN:
SF:src/utils/constants.ts
FNF:0
FNH:0
DA:2,1
DA:43,1
DA:61,1
DA:71,1
LF:4
LH:4
BRDA:72,0,0,1
BRDA:72,0,1,1
BRDA:73,1,0,1
BRDA:73,1,1,0
BRDA:74,2,0,1
BRDA:74,2,1,1
BRDA:75,3,0,1
BRDA:75,3,1,0
BRF:8
BRH:6
end_of_record
TN:
SF:src/utils/helpers.ts
FN:4,(anonymous_0)
FN:9,(anonymous_1)
FN:13,(anonymous_2)
FN:19,(anonymous_3)
FN:23,(anonymous_4)
FN:27,(anonymous_5)
FN:39,(anonymous_6)
FN:52,(anonymous_7)
FN:56,(anonymous_8)
FN:61,(anonymous_9)
FN:68,(anonymous_10)
FN:77,(anonymous_11)
FN:89,(anonymous_12)
FN:102,(anonymous_13)
FN:113,(anonymous_14)
FN:120,(anonymous_15)
FN:126,(anonymous_16)
FN:128,(anonymous_17)
FN:132,(anonymous_18)
FN:138,(anonymous_19)
FN:148,(anonymous_20)
FN:158,(anonymous_21)
FN:170,(anonymous_22)
FN:174,(anonymous_23)
FN:178,(anonymous_24)
FN:183,(anonymous_25)
FN:189,(anonymous_26)
FN:196,(anonymous_27)
FN:197,(anonymous_28)
FN:200,(anonymous_29)
FNF:30
FNH:7
FNDA:6,(anonymous_0)
FNDA:60,(anonymous_1)
FNDA:27,(anonymous_2)
FNDA:0,(anonymous_3)
FNDA:0,(anonymous_4)
FNDA:0,(anonymous_5)
FNDA:0,(anonymous_6)
FNDA:10,(anonymous_7)
FNDA:0,(anonymous_8)
FNDA:0,(anonymous_9)
FNDA:0,(anonymous_10)
FNDA:0,(anonymous_11)
FNDA:0,(anonymous_12)
FNDA:0,(anonymous_13)
FNDA:0,(anonymous_14)
FNDA:0,(anonymous_15)
FNDA:0,(anonymous_16)
FNDA:0,(anonymous_17)
FNDA:0,(anonymous_18)
FNDA:0,(anonymous_19)
FNDA:0,(anonymous_20)
FNDA:0,(anonymous_21)
FNDA:4,(anonymous_22)
FNDA:2,(anonymous_23)
FNDA:3,(anonymous_24)
FNDA:0,(anonymous_25)
FNDA:0,(anonymous_26)
FNDA:0,(anonymous_27)
FNDA:0,(anonymous_28)
FNDA:0,(anonymous_29)
DA:4,1
DA:5,6
DA:6,6
DA:9,1
DA:10,60
DA:13,1
DA:14,27
DA:15,27
DA:16,24
DA:19,1
DA:20,0
DA:23,1
DA:24,0
DA:27,1
DA:28,0
DA:29,0
DA:32,0
DA:33,0
DA:36,0
DA:39,1
DA:40,0
DA:41,0
DA:44,0
DA:45,0
DA:48,0
DA:52,1
DA:53,10
DA:56,1
DA:57,0
DA:61,1
DA:62,0
DA:68,1
DA:69,0
DA:70,0
DA:77,1
DA:78,0
DA:79,0
DA:89,1
DA:90,0
DA:91,0
DA:92,0
DA:94,0
DA:95,0
DA:96,0
DA:97,0
DA:99,0
DA:102,1
DA:103,0
DA:105,0
DA:106,0
DA:107,0
DA:109,0
DA:113,1
DA:114,0
DA:115,0
DA:116,0
DA:117,0
DA:120,1
DA:126,0
DA:127,0
DA:128,0
DA:132,1
DA:136,0
DA:138,0
DA:139,0
DA:140,0
DA:141,0
DA:142,0
DA:148,1
DA:149,0
DA:150,0
DA:152,0
DA:153,0
DA:155,0
DA:158,1
DA:159,0
DA:160,0
DA:170,1
DA:171,4
DA:174,1
DA:175,2
DA:178,1
DA:179,3
DA:183,1
DA:184,0
DA:185,0
DA:186,0
DA:189,1
DA:190,0
DA:191,0
DA:192,0
DA:196,1
DA:197,0
DA:200,1
DA:207,0
DA:208,0
DA:209,0
DA:211,0
DA:212,0
DA:213,0
DA:218,0
LF:101
LH:36
BRDA:10,0,0,60
BRDA:10,0,1,60
BRDA:10,0,2,50
BRDA:14,1,0,0
BRDA:14,1,1,27
BRDA:14,2,0,27
BRDA:14,2,1,25
BRDA:15,3,0,3
BRDA:15,3,1,24
BRDA:15,4,0,27
BRDA:15,4,1,27
BRDA:28,5,0,0
BRDA:28,5,1,0
BRDA:32,6,0,0
BRDA:32,6,1,0
BRDA:40,7,0,0
BRDA:40,7,1,0
BRDA:44,8,0,0
BRDA:44,8,1,0
BRDA:69,9,0,0
BRDA:69,9,1,0
BRDA:78,10,0,0
BRDA:78,10,1,0
BRDA:90,11,0,0
BRDA:90,11,1,0
BRDA:94,12,0,0
BRDA:94,12,1,0
BRDA:95,13,0,0
BRDA:95,13,1,0
BRDA:96,14,0,0
BRDA:96,14,1,0
BRDA:97,15,0,0
BRDA:97,15,1,0
BRDA:103,16,0,0
BRDA:103,16,1,0
BRDA:122,17,0,0
BRDA:140,18,0,0
BRDA:140,18,1,0
BRDA:149,19,0,0
BRDA:149,19,1,0
BRDA:152,20,0,0
BRDA:152,20,1,0
BRDA:160,21,0,0
BRDA:160,21,1,0
BRDA:160,21,2,0
BRDA:183,22,0,0
BRDA:184,23,0,0
BRDA:184,23,1,0
BRDA:186,24,0,0
BRDA:186,24,1,0
BRDA:189,25,0,0
BRDA:190,26,0,0
BRDA:190,26,1,0
BRDA:192,27,0,0
BRDA:192,27,1,0
BRDA:202,28,0,0
BRDA:203,29,0,0
BRDA:211,30,0,0
BRDA:211,30,1,0
BRDA:212,31,0,0
BRDA:212,31,1,0
BRF:61
BRH:10
end_of_record
TN:
SF:src/utils/validation.ts
FN:19,(anonymous_0)
FN:69,(anonymous_1)
FN:133,(anonymous_2)
FN:181,(anonymous_3)
FN:227,(anonymous_4)
FN:271,(anonymous_5)
FN:288,(anonymous_6)
FN:309,(anonymous_7)
FN:329,(anonymous_8)
FN:334,(anonymous_9)
FNF:10
FNH:10
FNDA:9,(anonymous_0)
FNDA:4,(anonymous_1)
FNDA:5,(anonymous_2)
FNDA:4,(anonymous_3)
FNDA:4,(anonymous_4)
FNDA:3,(anonymous_5)
FNDA:1,(anonymous_6)
FNDA:1,(anonymous_7)
FNDA:2,(anonymous_8)
FNDA:2,(anonymous_9)
DA:19,1
DA:26,9
DA:28,9
DA:29,3
DA:30,1
DA:34,9
DA:35,5
DA:36,1
DA:37,4
DA:38,2
DA:42,9
DA:43,4
DA:44,1
DA:45,3
DA:46,1
DA:50,9
DA:51,1
DA:54,9
DA:55,2
DA:56,2
DA:58,1
DA:62,9
DA:69,1
DA:80,4
DA:82,4
DA:83,1
DA:86,4
DA:87,1
DA:88,3
DA:89,0
DA:92,4
DA:93,1
DA:94,3
DA:95,0
DA:98,4
DA:99,1
DA:100,3
DA:101,1
DA:104,4
DA:105,1
DA:106,3
DA:107,0
DA:110,4
DA:111,1
DA:112,3
DA:113,0
DA:116,4
DA:117,1
DA:118,3
DA:119,0
DA:122,4
DA:123,1
DA:126,4
DA:133,1
DA:142,5
DA:144,5
DA:145,1
DA:148,5
DA:149,0
DA:152,5
DA:153,2
DA:154,1
DA:158,5
DA:159,1
DA:162,5
DA:163,1
DA:166,5
DA:167,1
DA:170,5
DA:171,1
DA:174,5
DA:181,1
DA:189,4
DA:191,4
DA:192,1
DA:195,4
DA:196,1
DA:199,4
DA:200,1
DA:201,3
DA:202,0
DA:205,4
DA:206,2
DA:207,2
DA:208,1
DA:212,4
DA:213,1
DA:214,1
DA:216,1
DA:220,4
DA:227,1
DA:233,4
DA:235,4
DA:236,0
DA:238,4
DA:239,4
DA:240,1
DA:244,4
DA:245,0
DA:246,4
DA:247,0
DA:250,4
DA:251,1
DA:254,4
DA:255,2
DA:259,2
DA:260,1
DA:264,4
DA:271,1
DA:278,3
DA:288,1
DA:297,1
DA:309,1
DA:317,1
DA:329,1
DA:330,2
DA:334,1
DA:339,2
DA:340,2
DA:342,2
DA:343,1
DA:346,1
LF:122
LH:112
BRDA:28,0,0,3
BRDA:28,0,1,6
BRDA:29,1,0,1
BRDA:29,1,1,2
BRDA:34,2,0,5
BRDA:34,2,1,4
BRDA:35,3,0,1
BRDA:35,3,1,4
BRDA:37,4,0,2
BRDA:37,4,1,2
BRDA:42,5,0,4
BRDA:42,5,1,5
BRDA:43,6,0,1
BRDA:43,6,1,3
BRDA:45,7,0,1
BRDA:45,7,1,2
BRDA:50,8,0,1
BRDA:50,8,1,8
BRDA:50,9,0,9
BRDA:50,9,1,3
BRDA:54,10,0,2
BRDA:54,10,1,7
BRDA:54,11,0,9
BRDA:54,11,1,2
BRDA:82,12,0,1
BRDA:82,12,1,3
BRDA:86,13,0,1
BRDA:86,13,1,3
BRDA:88,14,0,0
BRDA:88,14,1,3
BRDA:92,15,0,1
BRDA:92,15,1,3
BRDA:94,16,0,0
BRDA:94,16,1,3
BRDA:98,17,0,1
BRDA:98,17,1,3
BRDA:100,18,0,1
BRDA:100,18,1,2
BRDA:104,19,0,1
BRDA:104,19,1,3
BRDA:106,20,0,0
BRDA:106,20,1,3
BRDA:110,21,0,1
BRDA:110,21,1,3
BRDA:112,22,0,0
BRDA:112,22,1,3
BRDA:116,23,0,1
BRDA:116,23,1,3
BRDA:118,24,0,0
BRDA:118,24,1,3
BRDA:122,25,0,1
BRDA:122,25,1,3
BRDA:122,26,0,4
BRDA:122,26,1,1
BRDA:144,27,0,1
BRDA:144,27,1,4
BRDA:144,28,0,5
BRDA:144,28,1,2
BRDA:148,29,0,0
BRDA:148,29,1,5
BRDA:148,30,0,5
BRDA:148,30,1,1
BRDA:152,31,0,2
BRDA:152,31,1,3
BRDA:152,32,0,5
BRDA:152,32,1,2
BRDA:153,33,0,1
BRDA:153,33,1,1
BRDA:158,34,0,1
BRDA:158,34,1,4
BRDA:158,35,0,5
BRDA:158,35,1,1
BRDA:162,36,0,1
BRDA:162,36,1,4
BRDA:162,37,0,5
BRDA:162,37,1,2
BRDA:166,38,0,1
BRDA:166,38,1,4
BRDA:166,39,0,5
BRDA:166,39,1,1
BRDA:170,40,0,1
BRDA:170,40,1,4
BRDA:170,41,0,5
BRDA:170,41,1,1
BRDA:191,42,0,1
BRDA:191,42,1,3
BRDA:195,43,0,1
BRDA:195,43,1,3
BRDA:199,44,0,1
BRDA:199,44,1,3
BRDA:201,45,0,0
BRDA:201,45,1,3
BRDA:205,46,0,2
BRDA:205,46,1,2
BRDA:207,47,0,1
BRDA:207,47,1,1
BRDA:212,48,0,1
BRDA:212,48,1,3
BRDA:212,49,0,4
BRDA:212,49,1,1
BRDA:235,50,0,0
BRDA:235,50,1,4
BRDA:239,51,0,1
BRDA:239,51,1,3
BRDA:244,52,0,0
BRDA:244,52,1,4
BRDA:246,53,0,0
BRDA:246,53,1,4
BRDA:250,54,0,1
BRDA:250,54,1,3
BRDA:250,55,0,4
BRDA:250,55,1,2
BRDA:254,56,0,2
BRDA:254,56,1,2
BRDA:259,57,0,1
BRDA:259,57,1,1
BRDA:280,58,0,1
BRDA:280,58,1,2
BRDA:281,59,0,3
BRDA:281,59,1,0
BRDA:282,60,0,2
BRDA:282,60,1,1
BRDA:283,61,0,1
BRDA:283,61,1,2
BRDA:284,62,0,0
BRDA:284,62,1,3
BRDA:299,63,0,0
BRDA:299,63,1,1
BRDA:300,64,0,1
BRDA:300,64,1,0
BRDA:301,65,0,1
BRDA:301,65,1,0
BRDA:302,66,0,0
BRDA:302,66,1,1
BRDA:303,67,0,0
BRDA:303,67,1,1
BRDA:304,68,0,0
BRDA:304,68,1,1
BRDA:305,69,0,0
BRDA:305,69,1,1
BRDA:319,70,0,0
BRDA:319,70,1,1
BRDA:320,71,0,0
BRDA:320,71,1,1
BRDA:321,72,0,1
BRDA:321,72,1,0
BRDA:322,73,0,0
BRDA:322,73,1,1
BRDA:323,74,0,0
BRDA:323,74,1,1
BRDA:324,75,0,0
BRDA:324,75,1,1
BRDA:342,76,0,1
BRDA:342,76,1,1
BRF:154
BRH:129
end_of_record
